2023-08-23 23:35:59,462 [INFO] Activator:176 - 


2023-08-23 23:35:59,465 [INFO] Activator:177 - !SESSION log4j initialized
2023-08-23 23:36:01,206 [ERROR] LogOutputStream:75 - [STDERR_REDIRECT] 
2023-08-23 23:36:03,766 [INFO] LogOutputStream:77 - [STDOUT_REDIRECT] 
2023-08-23 23:36:06,773 [INFO] ApplicationProperties:184 - Using Application install path: /Applications/STM32CubeIDE.app/Contents/Eclipse/plugins/com.st.stm32cube.common.mx_6.9.1.202307191849
2023-08-23 23:36:06,792 [INFO] DbMcusXml:78 - Set database path to: /Applications/STM32CubeIDE.app/Contents/Eclipse/plugins/com.st.stm32cube.common.mx_6.9.1.202307191849//db//mcu/
2023-08-23 23:36:06,792 [INFO] ApiDb:274 - Set plugin database path to: /Applications/STM32CubeIDE.app/Contents/Eclipse/plugins/com.st.stm32cube.common.mx_6.9.1.202307191849//db//plugins/boardmanager/
2023-08-23 23:36:06,793 [WARN] ApiDb:259 - Overriding images path with different value:  => /Applications/STM32CubeIDE.app/Contents/Eclipse/plugins/com.st.stm32cube.common.mx_6.9.1.202307191849//db//plugins/mcufinder/images/
2023-08-23 23:36:06,821 [INFO] ApiDb:250 - Set database path to: /Users/Lancer/.stmcufinder/plugins/mcufinder//mcu/
2023-08-23 23:36:06,823 [INFO] DbMcusAds:125 - Set database path to: /Users/Lancer/.stmcufinder/plugins/mcufinder//mcu/
2023-08-23 23:36:06,825 [INFO] CrossReferenceDbSqlite:203 - Set database path to: /Users/Lancer/.stmcufinder/plugins/mcufinder//mcu/cs/
2023-08-23 23:36:06,998 [INFO] RulesReader:64 - Compatibility file has been processed (293 Rules)
2023-08-23 23:36:07,091 [INFO] DbMcusXml:78 - Set database path to: /Applications/STM32CubeIDE.app/Contents/Eclipse/plugins/com.st.stm32cube.common.mx_6.9.1.202307191849//db//mcu/
2023-08-23 23:36:07,091 [INFO] ApiDb:274 - Set plugin database path to: /Applications/STM32CubeIDE.app/Contents/Eclipse/plugins/com.st.stm32cube.common.mx_6.9.1.202307191849//db//plugins/boardmanager/
2023-08-23 23:36:07,092 [INFO] ApiDb:261 - Set plugin images path to: /Applications/STM32CubeIDE.app/Contents/Eclipse/plugins/com.st.stm32cube.common.mx_6.9.1.202307191849//db//plugins/mcufinder/images/
2023-08-23 23:36:07,092 [WARN] DbFile:41 - Overriding database path with different value: /Users/Lancer/.stmcufinder/plugins/mcufinder/ => /Users/Lancer/.stmcufinder/plugins/mcufinder
2023-08-23 23:36:07,092 [INFO] ApiDb:250 - Set database path to: /Users/Lancer/.stmcufinder/plugins/mcufinder//mcu/
2023-08-23 23:36:07,092 [WARN] DbFile:41 - Overriding database path with different value: /Users/Lancer/.stmcufinder/plugins/mcufinder/ => /Users/Lancer/.stmcufinder/plugins/mcufinder
2023-08-23 23:36:07,092 [INFO] DbMcusAds:125 - Set database path to: /Users/Lancer/.stmcufinder/plugins/mcufinder//mcu/
2023-08-23 23:36:07,092 [WARN] DbFile:41 - Overriding database path with different value: /Users/Lancer/.stmcufinder/plugins/mcufinder/ => /Users/Lancer/.stmcufinder/plugins/mcufinder
2023-08-23 23:36:07,093 [WARN] DbFile:41 - Overriding database path with different value: /Users/Lancer/.stmcufinder/plugins/mcufinder/ => /Users/Lancer/.stmcufinder/plugins/mcufinder
2023-08-23 23:36:07,093 [INFO] CrossReferenceDbSqlite:203 - Set database path to: /Users/Lancer/.stmcufinder/plugins/mcufinder//mcu/cs/
2023-08-23 23:36:07,348 [INFO] MainPanel:262 - HeapMemory: 268435456
2023-08-23 23:36:07,662 [INFO] DbMcusXml:78 - Set database path to: /Applications/STM32CubeIDE.app/Contents/Eclipse/plugins/com.st.stm32cube.common.mx_6.9.1.202307191849//db//mcu/
2023-08-23 23:36:07,663 [INFO] ApiDb:274 - Set plugin database path to: /Applications/STM32CubeIDE.app/Contents/Eclipse/plugins/com.st.stm32cube.common.mx_6.9.1.202307191849//db//plugins/boardmanager/
2023-08-23 23:36:07,664 [INFO] ApiDb:261 - Set plugin images path to: /Applications/STM32CubeIDE.app/Contents/Eclipse/plugins/com.st.stm32cube.common.mx_6.9.1.202307191849//db//plugins/mcufinder/images/
2023-08-23 23:36:07,665 [WARN] DbFile:41 - Overriding database path with different value: /Users/Lancer/.stmcufinder/plugins/mcufinder/ => /Users/Lancer/.stmcufinder/plugins/mcufinder
2023-08-23 23:36:07,665 [INFO] ApiDb:250 - Set database path to: /Users/Lancer/.stmcufinder/plugins/mcufinder//mcu/
2023-08-23 23:36:07,665 [WARN] DbFile:41 - Overriding database path with different value: /Users/Lancer/.stmcufinder/plugins/mcufinder/ => /Users/Lancer/.stmcufinder/plugins/mcufinder
2023-08-23 23:36:07,665 [INFO] DbMcusAds:125 - Set database path to: /Users/Lancer/.stmcufinder/plugins/mcufinder//mcu/
2023-08-23 23:36:07,665 [WARN] DbFile:41 - Overriding database path with different value: /Users/Lancer/.stmcufinder/plugins/mcufinder/ => /Users/Lancer/.stmcufinder/plugins/mcufinder
2023-08-23 23:36:07,665 [WARN] DbFile:41 - Overriding database path with different value: /Users/Lancer/.stmcufinder/plugins/mcufinder/ => /Users/Lancer/.stmcufinder/plugins/mcufinder
2023-08-23 23:36:07,666 [INFO] CrossReferenceDbSqlite:203 - Set database path to: /Users/Lancer/.stmcufinder/plugins/mcufinder//mcu/cs/
2023-08-23 23:36:07,714 [INFO] ApplicationProperties:184 - Using Application install path: /Applications/STM32CubeIDE.app/Contents/Eclipse/plugins/com.st.stm32cube.common.mx_6.9.1.202307191849
2023-08-23 23:36:07,717 [INFO] PluginManage:196 - Search for loadable plugins [exclusion list=, ]
2023-08-23 23:36:07,729 [INFO] PluginManage:310 - Check plugin analytics
2023-08-23 23:36:08,125 [INFO] AnalyticsPlugin:253 - Accepted Software Licenses: 
2023-08-23 23:36:08,125 [INFO] AnalyticsPlugin:255 - Accepted CMSIS Pack Licenses: 
2023-08-23 23:36:08,126 [INFO] AnalyticsPlugin:257 - Accepted Firmware Licenses: FW.F4.1.27.0
2023-08-23 23:36:08,138 [INFO] PluginManage:359 - Loaded plugin analytics (category:tool,tabindex:-1)
2023-08-23 23:36:08,142 [INFO] PluginManage:310 - Check plugin cadmodel
2023-08-23 23:36:08,468 [INFO] CADModel:105 - Init CAD model plugin
2023-08-23 23:36:08,469 [INFO] PluginManage:359 - Loaded plugin cadmodel (category:power,tabindex:5)
2023-08-23 23:36:08,469 [INFO] PluginManage:310 - Check plugin clock
2023-08-23 23:36:08,481 [INFO] PluginManage:359 - Loaded plugin clock (category:base,tabindex:2)
2023-08-23 23:36:08,482 [INFO] PluginManage:310 - Check plugin ddr
2023-08-23 23:36:08,486 [INFO] PluginManage:359 - Loaded plugin ddr (category:tool,tabindex:6)
2023-08-23 23:36:08,486 [INFO] PluginManage:310 - Check plugin filemanager
2023-08-23 23:36:08,646 [INFO] PluginManage:359 - Loaded plugin filemanager (category:base,tabindex:10)
2023-08-23 23:36:08,647 [INFO] PluginManage:310 - Check plugin ipmanager
2023-08-23 23:36:08,655 [INFO] PluginManage:359 - Loaded plugin ipmanager (category:base,tabindex:5)
2023-08-23 23:36:08,655 [INFO] PluginManage:310 - Check plugin lpbam
2023-08-23 23:36:08,667 [INFO] PluginManage:359 - Loaded plugin lpbam (category:base,tabindex:0)
2023-08-23 23:36:08,667 [INFO] PluginManage:310 - Check plugin memorymap
2023-08-23 23:36:08,679 [INFO] PluginManage:359 - Loaded plugin memorymap (category:base,tabindex:4)
2023-08-23 23:36:08,679 [INFO] PluginManage:310 - Check plugin pinoutandconfiguration
2023-08-23 23:36:08,689 [INFO] PluginManage:359 - Loaded plugin pinoutandconfiguration (category:base,tabindex:1)
2023-08-23 23:36:08,689 [INFO] PluginManage:310 - Check plugin pinoutconfig
2023-08-23 23:36:08,796 [WARN] SupportedApi:132 - Cannot load RTOS API schema: s4s-elt-must-match.1: The content of 'definitions' must match (annotation?, (simpleType | complexType)?, (unique | key | keyref)*)). A problem was found starting at: attribute.
2023-08-23 23:36:09,086 [INFO] PluginManage:359 - Loaded plugin pinoutconfig (category:base,tabindex:0)
2023-08-23 23:36:09,087 [INFO] PluginManage:310 - Check plugin power
2023-08-23 23:36:09,113 [INFO] PluginManage:359 - Loaded plugin power (category:power,tabindex:4)
2023-08-23 23:36:09,114 [INFO] PluginManage:310 - Check plugin projectmanager
2023-08-23 23:36:09,155 [INFO] PluginManage:359 - Loaded plugin projectmanager (category:projectmanager,tabindex:3)
2023-08-23 23:36:09,155 [INFO] PluginManage:310 - Check plugin thirdparty
2023-08-23 23:36:09,341 [INFO] PluginManage:359 - Loaded plugin thirdparty (category:base,tabindex:-1)
2023-08-23 23:36:09,342 [INFO] PluginManage:310 - Check plugin tools
2023-08-23 23:36:09,341 [WARN] IntegrityCheckThread:84 - waiting for thirdparty lock release [integrity check]
2023-08-23 23:36:09,346 [INFO] IntegrityCheckThread:86 - entering critical section [integrity check]
2023-08-23 23:36:09,347 [INFO] ThirdPartyUpdaterWithRetryManager:70 - Updater plugin not ready yet. [1/15]
2023-08-23 23:36:09,348 [INFO] PluginManage:359 - Loaded plugin tools (category:base,tabindex:7)
2023-08-23 23:36:09,348 [INFO] PluginManage:310 - Check plugin tutovideos
2023-08-23 23:36:09,596 [INFO] PluginManage:359 - Loaded plugin tutovideos (category:base,tabindex:-1)
2023-08-23 23:36:09,599 [INFO] PluginManage:310 - Check plugin updater
2023-08-23 23:36:09,642 [INFO] PluginManage:359 - Loaded plugin updater (category:base,tabindex:12)
2023-08-23 23:36:09,643 [INFO] PluginManage:310 - Check plugin userauth
2023-08-23 23:36:09,651 [INFO] UserAuth:113 - Init User Auth plugin
2023-08-23 23:36:09,651 [INFO] PluginManage:359 - Loaded plugin userauth (category:base,tabindex:14)
2023-08-23 23:36:09,654 [INFO] PluginManage:283 - PluginManage : Loaded plugins [17]
2023-08-23 23:36:09,959 [INFO] PinOutPanel:1499 - setPackage(No Configuration,No Configuration)
2023-08-23 23:36:10,079 [INFO] CADModel:165 - CPN selected for project level
2023-08-23 23:36:10,080 [INFO] CADModel:114 - Register for checkConnection events
2023-08-23 23:36:10,093 [INFO] IPUIPlugin:80 - create IPUIPlugin
2023-08-23 23:36:10,094 [INFO] PluginManager:220 - loadIPPluginJar : add mdma
2023-08-23 23:36:10,107 [INFO] IPUIPlugin:80 - create IPUIPlugin
2023-08-23 23:36:10,107 [INFO] PluginManager:220 - loadIPPluginJar : add freertos
2023-08-23 23:36:10,112 [INFO] IPUIPlugin:80 - create IPUIPlugin
2023-08-23 23:36:10,113 [INFO] PluginManager:220 - loadIPPluginJar : add gic
2023-08-23 23:36:10,121 [INFO] IPUIPlugin:80 - create IPUIPlugin
2023-08-23 23:36:10,121 [INFO] PluginManager:220 - loadIPPluginJar : add adc
2023-08-23 23:36:10,123 [INFO] IPUIPlugin:80 - create IPUIPlugin
2023-08-23 23:36:10,124 [INFO] PluginManager:220 - loadIPPluginJar : add gtzc
2023-08-23 23:36:10,125 [INFO] IPUIPlugin:80 - create IPUIPlugin
2023-08-23 23:36:10,125 [INFO] PluginManager:220 - loadIPPluginJar : add quadspi
2023-08-23 23:36:10,128 [INFO] IPUIPlugin:80 - create IPUIPlugin
2023-08-23 23:36:10,128 [INFO] PluginManager:220 - loadIPPluginJar : add aes
2023-08-23 23:36:10,130 [INFO] IPUIPlugin:80 - create IPUIPlugin
2023-08-23 23:36:10,130 [INFO] PluginManager:220 - loadIPPluginJar : add pdm2pcm
2023-08-23 23:36:10,131 [INFO] IPUIPlugin:80 - create IPUIPlugin
2023-08-23 23:36:10,131 [INFO] PluginManager:220 - loadIPPluginJar : add hash
2023-08-23 23:36:10,132 [INFO] IPUIPlugin:80 - create IPUIPlugin
2023-08-23 23:36:10,132 [INFO] PluginManager:220 - loadIPPluginJar : add tim
2023-08-23 23:36:10,133 [INFO] IPUIPlugin:80 - create IPUIPlugin
2023-08-23 23:36:10,133 [INFO] PluginManager:220 - loadIPPluginJar : add tsc
2023-08-23 23:36:10,134 [INFO] IPUIPlugin:80 - create IPUIPlugin
2023-08-23 23:36:10,134 [INFO] PluginManager:220 - loadIPPluginJar : add ts
2023-08-23 23:36:10,136 [INFO] IPUIPlugin:80 - create IPUIPlugin
2023-08-23 23:36:10,136 [INFO] PluginManager:220 - loadIPPluginJar : add can
2023-08-23 23:36:10,138 [INFO] IPUIPlugin:80 - create IPUIPlugin
2023-08-23 23:36:10,138 [INFO] PluginManager:220 - loadIPPluginJar : add dma3
2023-08-23 23:36:10,140 [INFO] IPUIPlugin:80 - create IPUIPlugin
2023-08-23 23:36:10,140 [INFO] PluginManager:220 - loadIPPluginJar : add dfsdm
2023-08-23 23:36:10,143 [INFO] IPUIPlugin:80 - create IPUIPlugin
2023-08-23 23:36:10,143 [INFO] PluginManager:220 - loadIPPluginJar : add spi
2023-08-23 23:36:10,145 [INFO] IPUIPlugin:80 - create IPUIPlugin
2023-08-23 23:36:10,145 [INFO] PluginManager:220 - loadIPPluginJar : add gfxmmu
2023-08-23 23:36:10,147 [INFO] IPUIPlugin:80 - create IPUIPlugin
2023-08-23 23:36:10,147 [INFO] PluginManager:220 - loadIPPluginJar : add genericplugin
2023-08-23 23:36:10,148 [INFO] IPUIPlugin:80 - create IPUIPlugin
2023-08-23 23:36:10,148 [INFO] PluginManager:220 - loadIPPluginJar : add cryp
2023-08-23 23:36:10,151 [INFO] IPUIPlugin:80 - create IPUIPlugin
2023-08-23 23:36:10,152 [INFO] PluginManager:220 - loadIPPluginJar : add gpio
2023-08-23 23:36:10,153 [INFO] IPUIPlugin:80 - create IPUIPlugin
2023-08-23 23:36:10,153 [INFO] PluginManager:220 - loadIPPluginJar : add comp
2023-08-23 23:36:10,155 [INFO] IPUIPlugin:80 - create IPUIPlugin
2023-08-23 23:36:10,155 [INFO] PluginManager:220 - loadIPPluginJar : add tracer_emb
2023-08-23 23:36:10,160 [INFO] IPUIPlugin:80 - create IPUIPlugin
2023-08-23 23:36:10,160 [INFO] PluginManager:220 - loadIPPluginJar : add openamp
2023-08-23 23:36:10,164 [INFO] IPUIPlugin:80 - create IPUIPlugin
2023-08-23 23:36:10,165 [INFO] PluginManager:220 - loadIPPluginJar : add stm32_wpan
2023-08-23 23:36:10,171 [INFO] IPUIPlugin:80 - create IPUIPlugin
2023-08-23 23:36:10,175 [INFO] PluginManager:220 - loadIPPluginJar : add plateformsettings
2023-08-23 23:36:10,178 [INFO] IPUIPlugin:80 - create IPUIPlugin
2023-08-23 23:36:10,178 [INFO] PluginManager:220 - loadIPPluginJar : add ipddr
2023-08-23 23:36:10,181 [INFO] IPUIPlugin:80 - create IPUIPlugin
2023-08-23 23:36:10,181 [INFO] PluginManager:220 - loadIPPluginJar : add usart
2023-08-23 23:36:10,182 [INFO] IPUIPlugin:80 - create IPUIPlugin
2023-08-23 23:36:10,182 [INFO] PluginManager:220 - loadIPPluginJar : add ltdc
2023-08-23 23:36:10,185 [INFO] IPUIPlugin:80 - create IPUIPlugin
2023-08-23 23:36:10,185 [INFO] PluginManager:220 - loadIPPluginJar : add nvic
2023-08-23 23:36:10,187 [INFO] IPUIPlugin:80 - create IPUIPlugin
2023-08-23 23:36:10,188 [INFO] PluginManager:220 - loadIPPluginJar : add fatfs
2023-08-23 23:36:10,195 [INFO] IPUIPlugin:80 - create IPUIPlugin
2023-08-23 23:36:10,195 [INFO] PluginManager:220 - loadIPPluginJar : add linkedlist
2023-08-23 23:36:10,200 [INFO] IPUIPlugin:80 - create IPUIPlugin
2023-08-23 23:36:10,200 [INFO] PluginManager:220 - loadIPPluginJar : add dma
2023-08-23 23:36:10,203 [INFO] IPUIPlugin:80 - create IPUIPlugin
2023-08-23 23:36:10,204 [INFO] PluginManager:220 - loadIPPluginJar : add fmc
2023-08-23 23:36:10,206 [INFO] IPUIPlugin:80 - create IPUIPlugin
2023-08-23 23:36:10,206 [INFO] PluginManager:220 - loadIPPluginJar : add i2s
2023-08-23 23:36:10,207 [INFO] IPUIPlugin:80 - create IPUIPlugin
2023-08-23 23:36:10,207 [INFO] PluginManager:220 - loadIPPluginJar : add ucpd
2023-08-23 23:36:10,209 [INFO] IPUIPlugin:80 - create IPUIPlugin
2023-08-23 23:36:10,209 [INFO] PluginManager:220 - loadIPPluginJar : add lorawan
2023-08-23 23:36:10,211 [INFO] IPUIPlugin:80 - create IPUIPlugin
2023-08-23 23:36:10,212 [INFO] PluginManager:220 - loadIPPluginJar : add opamp
2023-08-23 23:36:10,214 [INFO] IPUIPlugin:80 - create IPUIPlugin
2023-08-23 23:36:10,214 [INFO] PluginManager:220 - loadIPPluginJar : add i3c
2023-08-23 23:36:10,217 [INFO] IPUIPlugin:80 - create IPUIPlugin
2023-08-23 23:36:10,217 [INFO] PluginManager:220 - loadIPPluginJar : add touchsensing
2023-08-23 23:36:10,219 [INFO] IPUIPlugin:80 - create IPUIPlugin
2023-08-23 23:36:10,219 [INFO] PluginManager:220 - loadIPPluginJar : add i2c
2023-08-23 23:36:10,222 [INFO] IPUIPlugin:80 - create IPUIPlugin
2023-08-23 23:36:10,222 [INFO] PluginManager:220 - loadIPPluginJar : add resmgrutility
2023-08-23 23:36:10,225 [INFO] IPUIPlugin:80 - create IPUIPlugin
2023-08-23 23:36:10,225 [INFO] PluginManager:220 - loadIPPluginJar : add sai
2023-08-23 23:36:10,228 [INFO] IPUIPlugin:80 - create IPUIPlugin
2023-08-23 23:36:10,229 [INFO] PluginManager:220 - loadIPPluginJar : add usbx
2023-08-23 23:36:10,357 [INFO] CADModel:165 - CPN selected for project level
2023-08-23 23:36:10,358 [INFO] CADModel:114 - Register for checkConnection events
2023-08-23 23:36:10,359 [FATAL] Updater:308 - Updater called before beeing initialized
2023-08-23 23:36:10,359 [ERROR] CADModel:125 - Updater not yet initialized, retry later 
2023-08-23 23:36:11,137 [INFO] CADModel:165 - CPN selected for project level
2023-08-23 23:36:11,138 [INFO] CADModel:114 - Register for checkConnection events
2023-08-23 23:36:11,138 [FATAL] Updater:308 - Updater called before beeing initialized
2023-08-23 23:36:11,138 [ERROR] CADModel:125 - Updater not yet initialized, retry later 
2023-08-23 23:36:11,143 [FATAL] Updater:308 - Updater called before beeing initialized
2023-08-23 23:36:11,312 [FATAL] Updater:308 - Updater called before beeing initialized
2023-08-23 23:36:11,320 [INFO] DbMcusAds:53 - JSON generation date=Tue Mar 07 16:50:55 CST 2023 (1678179055114)
2023-08-23 23:36:11,321 [FATAL] Updater:308 - Updater called before beeing initialized
2023-08-23 23:36:11,378 [WARN] DetailPanel:346 - Failed to get advertising image, set to default
2023-08-23 23:36:11,461 [FATAL] Updater:308 - Updater called before beeing initialized
2023-08-23 23:36:11,463 [FATAL] Updater:308 - Updater called before beeing initialized
2023-08-23 23:36:11,463 [FATAL] Updater:308 - Updater called before beeing initialized
2023-08-23 23:36:11,463 [WARN] DetailPanel:346 - Failed to get advertising image, set to default
2023-08-23 23:36:11,465 [FATAL] Updater:308 - Updater called before beeing initialized
2023-08-23 23:36:11,542 [ERROR] Updater:1120 - MainUpdater not yet initialized. External WinMGr cannot be set.
2023-08-23 23:36:11,583 [INFO] Updater:1056 - Updater Version found : 6.9.1
2023-08-23 23:36:11,601 [INFO] ApplicationProperties:184 - Using Application install path: /Applications/STM32CubeIDE.app/Contents/Eclipse/plugins/com.st.stm32cube.common.mx_6.9.1.202307191849
2023-08-23 23:36:11,896 [INFO] MainUpdater:2868 - connection check result : 10
2023-08-23 23:36:11,898 [INFO] MainUpdater:285 - Updater Check For Update Now.
2023-08-23 23:36:11,898 [INFO] MicroXplorer:498 - Change Database Version : DB.6.0.91
2023-08-23 23:36:11,903 [INFO] McuFinderGlobals:63 - Set McuFinder mode to 2 (CubeIDE integrated)
2023-08-23 23:36:12,193 [INFO] CheckServerUpdateThread:120 - End of CheckServer Thread
2023-08-23 23:36:12,485 [WARN] PackLoader:240 - Cannot read IP mode file for STMicroelectronics.X-CUBE-SMBUS.2.1.0
2023-08-23 23:36:12,551 [WARN] PackLoader:240 - Cannot read IP mode file for STMicroelectronics.X-CUBE-AZRTOS-F7.1.1.0
2023-08-23 23:36:12,600 [WARN] PackLoader:240 - Cannot read IP mode file for STMicroelectronics.FP-SNS-MOTENV1.4.3.2
2023-08-23 23:36:12,642 [WARN] PackLoader:240 - Cannot read IP mode file for STMicroelectronics.FP-SNS-FLIGHT1.5.0.2
2023-08-23 23:36:12,692 [WARN] PackLoader:240 - Cannot read IP mode file for STMicroelectronics.X-CUBE-DISPLAY.3.0.0
2023-08-23 23:36:12,762 [WARN] PackLoader:240 - Cannot read IP mode file for STMicroelectronics.X-CUBE-BLE1.7.0.0
2023-08-23 23:36:12,793 [WARN] PackLoader:240 - Cannot read IP mode file for emotas.I-CUBE-CANOPEN.1.3.0
2023-08-23 23:36:12,810 [WARN] PackLoader:240 - Cannot read IP mode file for STMicroelectronics.X-CUBE-TOUCHGFX.4.22.0
2023-08-23 23:36:12,849 [INFO] LogOutputStream:77 - [STDOUT_REDIRECT] 1 : Invalid condition id : UX_CORESTACK_Condition cause : null
2023-08-23 23:36:12,852 [INFO] LogOutputStream:77 - [STDOUT_REDIRECT] 1 : Invalid condition id : UX_CORESTACK_Condition cause : null
2023-08-23 23:36:12,853 [INFO] LogOutputStream:77 - [STDOUT_REDIRECT] 1 : Invalid condition id : UX_CORESTACK_Condition cause : null
2023-08-23 23:36:12,853 [INFO] LogOutputStream:77 - [STDOUT_REDIRECT] 1 : Invalid condition id : UX_CORESTACK_Condition cause : null
2023-08-23 23:36:12,853 [INFO] LogOutputStream:77 - [STDOUT_REDIRECT] 1 : Invalid condition id : UX_CORESTACK_Condition cause : null
2023-08-23 23:36:12,869 [WARN] PackLoader:240 - Cannot read IP mode file for STMicroelectronics.X-CUBE-AZRTOS-WL.2.0.0
2023-08-23 23:36:12,934 [WARN] PackLoader:240 - Cannot read IP mode file for WES.I-CUBE-Cesium.1.3.0
2023-08-23 23:36:13,005 [WARN] PackLoader:240 - Cannot read IP mode file for STMicroelectronics.X-CUBE-BLE2.3.3.0
2023-08-23 23:36:13,116 [WARN] PackLoader:240 - Cannot read IP mode file for STMicroelectronics.X-CUBE-ALGOBUILD.1.3.0
2023-08-23 23:36:13,323 [WARN] PackLoader:240 - Cannot read IP mode file for STMicroelectronics.X-CUBE-AZRTOS-G0.1.1.0
2023-08-23 23:36:13,409 [WARN] PackLoader:240 - Cannot read IP mode file for STMicroelectronics.X-CUBE-NFC4.3.0.0
2023-08-23 23:36:13,475 [WARN] PackLoader:240 - Cannot read IP mode file for STMicroelectronics.FP-ATR-SIGFOX1.3.2.0
2023-08-23 23:36:13,662 [WARN] PackLoader:240 - Cannot read IP mode file for SEGGER.I-CUBE-embOS.1.3.1
2023-08-23 23:36:13,781 [WARN] PackLoader:240 - Cannot read IP mode file for STMicroelectronics.X-CUBE-GNSS1.6.0.0
2023-08-23 23:36:13,826 [WARN] PackLoader:240 - Cannot read IP mode file for STMicroelectronics.X-CUBE-AZRTOS-F4.1.1.0
2023-08-23 23:36:13,836 [WARN] PackLoader:240 - Cannot read IP mode file for wolfSSL.I-CUBE-wolfSSL.5.6.3
2023-08-23 23:36:13,874 [WARN] PackLoader:240 - Cannot read IP mode file for STMicroelectronics.X-CUBE-AZRTOS-L5.2.0.0
2023-08-23 23:36:14,011 [WARN] PackLoader:240 - Cannot read IP mode file for STMicroelectronics.X-CUBE-MEMS1.9.6.0
2023-08-23 23:36:14,248 [WARN] PackLoader:240 - Cannot read IP mode file for STMicroelectronics.X-CUBE-BLEMGR.2.0.0
2023-08-23 23:36:14,327 [WARN] ConditionMgr:438 - getConditionDescription Invalid condition id : UX DEVICE CLASS RTOS Condition cause : null
2023-08-23 23:36:14,327 [WARN] ConditionMgr:438 - getConditionDescription Invalid condition id : UX DEVICE CLASS RTOS Condition cause : null
2023-08-23 23:36:14,334 [WARN] PackLoader:240 - Cannot read IP mode file for STMicroelectronics.X-CUBE-AZRTOS-H7.3.1.0
2023-08-23 23:36:14,339 [WARN] ConditionMgr:1039 - genDependencies : Invalid condition id : UX DEVICE CLASS RTOS Condition cause : null
2023-08-23 23:36:14,339 [WARN] ConditionMgr:1039 - genDependencies : Invalid condition id : UX DEVICE CLASS RTOS Condition cause : null
2023-08-23 23:36:14,341 [WARN] ConditionMgr:1039 - genDependencies : Invalid condition id : UX DEVICE CLASS RTOS Condition cause : null
2023-08-23 23:36:14,342 [WARN] ConditionMgr:1039 - genDependencies : Invalid condition id : UX DEVICE CLASS RTOS Condition cause : null
2023-08-23 23:36:14,342 [WARN] ConditionMgr:1039 - genDependencies : Invalid condition id : UX DEVICE CLASS RTOS Condition cause : null
2023-08-23 23:36:14,353 [WARN] PackLoader:240 - Cannot read IP mode file for STMicroelectronics.X-CUBE-NFC7.1.0.1
2023-08-23 23:36:14,370 [WARN] PackLoader:240 - Cannot read IP mode file for STMicroelectronics.X-CUBE-EEPRMA1.4.1.0
2023-08-23 23:36:14,378 [WARN] PackLoader:240 - Cannot read IP mode file for STMicroelectronics.X-CUBE-AI.8.1.0
2023-08-23 23:36:14,401 [WARN] ConditionMgr:438 - getConditionDescription Invalid condition id : LAN8742 Phy interface Condition cause : null
2023-08-23 23:36:14,402 [WARN] PackLoader:240 - Cannot read IP mode file for STMicroelectronics.X-CUBE-AZRTOS-L4.2.0.0
2023-08-23 23:36:14,404 [WARN] ConditionMgr:1039 - genDependencies : Invalid condition id : LAN8742 Phy interface Condition cause : null
2023-08-23 23:36:14,405 [WARN] ConditionMgr:1039 - genDependencies : Invalid condition id : LAN8742 Phy interface Condition cause : null
2023-08-23 23:36:14,406 [WARN] ConditionMgr:1039 - genDependencies : Invalid condition id : LAN8742 Phy interface Condition cause : null
2023-08-23 23:36:14,426 [WARN] PackLoader:240 - Cannot read IP mode file for STMicroelectronics.X-CUBE-SFXS2LP1.4.0.0
2023-08-23 23:36:14,435 [WARN] PackLoader:240 - Cannot read IP mode file for STMicroelectronics.X-CUBE-ISPU.1.1.0
2023-08-23 23:36:14,452 [WARN] ConditionMgr:438 - getConditionDescription Invalid condition id : UX DEVICE CLASS RTOS Condition cause : null
2023-08-23 23:36:14,452 [WARN] ConditionMgr:438 - getConditionDescription Invalid condition id : UX DEVICE CLASS RTOS Condition cause : null
2023-08-23 23:36:14,456 [WARN] PackLoader:240 - Cannot read IP mode file for STMicroelectronics.X-CUBE-AZRTOS-WB.2.0.0
2023-08-23 23:36:14,457 [WARN] ConditionMgr:1039 - genDependencies : Invalid condition id : UX DEVICE CLASS RTOS Condition cause : null
2023-08-23 23:36:14,457 [WARN] ConditionMgr:1039 - genDependencies : Invalid condition id : UX DEVICE CLASS RTOS Condition cause : null
2023-08-23 23:36:14,458 [WARN] ConditionMgr:1039 - genDependencies : Invalid condition id : UX DEVICE CLASS RTOS Condition cause : null
2023-08-23 23:36:14,459 [WARN] ConditionMgr:1039 - genDependencies : Invalid condition id : UX DEVICE CLASS RTOS Condition cause : null
2023-08-23 23:36:14,459 [WARN] ConditionMgr:1039 - genDependencies : Invalid condition id : UX DEVICE CLASS RTOS Condition cause : null
2023-08-23 23:36:14,465 [WARN] PackLoader:240 - Cannot read IP mode file for STMicroelectronics.X-CUBE-FREERTOS.1.0.1
2023-08-23 23:36:14,479 [WARN] PackLoader:240 - Cannot read IP mode file for STMicroelectronics.X-CUBE-SUBG2.5.0.0
2023-08-23 23:36:14,501 [WARN] PackLoader:240 - Cannot read IP mode file for STMicroelectronics.X-CUBE-TOF1.3.3.1
2023-08-23 23:36:14,527 [WARN] PackLoader:240 - Cannot read IP mode file for STMicroelectronics.X-CUBE-AZRTOS-G4.2.0.0
2023-08-23 23:36:14,538 [WARN] PackLoader:240 - Cannot read IP mode file for portGmbH.I-Cube-SoM-uGOAL.1.1.0
2023-08-23 23:36:14,543 [WARN] PackLoader:240 - Cannot read IP mode file for STMicroelectronics.X-CUBE-ALS.1.0.1
2023-08-23 23:36:14,549 [WARN] PackLoader:240 - Cannot read IP mode file for STMicroelectronics.FP-ATR-ASTRA1.2.0.0
2023-08-23 23:36:14,553 [INFO] ThirdParty:978 - Integrity check success = true
2023-08-23 23:36:14,553 [INFO] IntegrityCheckThread:100 - exiting critical section [integrity check]
2023-08-23 23:36:14,553 [INFO] IntegrityCheckThread:103 - End integrity checks thread
2023-08-23 23:36:34,292 [ERROR] LogOutputStream:75 - [STDERR_REDIRECT] SLF4J: Failed to load class "org.slf4j.impl.StaticLoggerBinder".
2023-08-23 23:36:34,295 [ERROR] LogOutputStream:75 - [STDERR_REDIRECT] SLF4J: Defaulting to no-operation (NOP) logger implementation
2023-08-23 23:36:34,296 [ERROR] LogOutputStream:75 - [STDERR_REDIRECT] SLF4J: See http://www.slf4j.org/codes.html#StaticLoggerBinder for further details.
2023-08-23 23:36:39,547 [INFO] LogOutputStream:77 - [STDOUT_REDIRECT] Unexpected error loading extension: org.eclipse.equinox.p2.metadata.repository.compositeRepository
2023-08-23 23:36:39,549 [ERROR] LogOutputStream:75 - [STDERR_REDIRECT] java.lang.IllegalStateException: bundle org.eclipse.equinox.p2.repositoryis not started
2023-08-23 23:36:39,549 [ERROR] LogOutputStream:75 - [STDERR_REDIRECT] 	at org.eclipse.equinox.internal.p2.repository.Activator.getContext(Activator.java:65)
2023-08-23 23:36:39,550 [ERROR] LogOutputStream:75 - [STDERR_REDIRECT] 	at org.eclipse.equinox.internal.p2.repository.helpers.AbstractRepositoryManager.restoreFromSystemProperty(AbstractRepositoryManager.java:1013)
2023-08-23 23:36:39,551 [ERROR] LogOutputStream:75 - [STDERR_REDIRECT] 	at org.eclipse.equinox.internal.p2.repository.helpers.AbstractRepositoryManager.restoreRepositories(AbstractRepositoryManager.java:1033)
2023-08-23 23:36:39,551 [ERROR] LogOutputStream:75 - [STDERR_REDIRECT] 	at org.eclipse.equinox.internal.p2.repository.helpers.AbstractRepositoryManager.sortSuffixes(AbstractRepositoryManager.java:1112)
2023-08-23 23:36:39,551 [ERROR] LogOutputStream:75 - [STDERR_REDIRECT] 	at org.eclipse.equinox.internal.p2.repository.helpers.AbstractRepositoryManager.loadRepository(AbstractRepositoryManager.java:676)
2023-08-23 23:36:39,551 [ERROR] LogOutputStream:75 - [STDERR_REDIRECT] 	at org.eclipse.equinox.internal.p2.metadata.repository.MetadataRepositoryManager.loadRepository(MetadataRepositoryManager.java:110)
2023-08-23 23:36:39,551 [ERROR] LogOutputStream:75 - [STDERR_REDIRECT] 	at org.eclipse.equinox.internal.p2.metadata.repository.MetadataRepositoryManager.loadRepository(MetadataRepositoryManager.java:105)
2023-08-23 23:36:39,551 [ERROR] LogOutputStream:75 - [STDERR_REDIRECT] 	at org.eclipse.equinox.internal.p2.metadata.repository.CompositeMetadataRepository.addChild(CompositeMetadataRepository.java:171)
2023-08-23 23:36:39,551 [ERROR] LogOutputStream:75 - [STDERR_REDIRECT] 	at org.eclipse.equinox.internal.p2.metadata.repository.CompositeMetadataRepository.<init>(CompositeMetadataRepository.java:113)
2023-08-23 23:36:39,551 [ERROR] LogOutputStream:75 - [STDERR_REDIRECT] 	at org.eclipse.equinox.internal.p2.metadata.repository.CompositeMetadataRepositoryFactory.load(CompositeMetadataRepositoryFactory.java:124)
2023-08-23 23:36:39,551 [ERROR] LogOutputStream:75 - [STDERR_REDIRECT] 	at org.eclipse.equinox.internal.p2.metadata.repository.MetadataRepositoryManager.factoryLoad(MetadataRepositoryManager.java:63)
2023-08-23 23:36:39,551 [ERROR] LogOutputStream:75 - [STDERR_REDIRECT] 	at org.eclipse.equinox.internal.p2.repository.helpers.AbstractRepositoryManager.loadRepository(AbstractRepositoryManager.java:787)
2023-08-23 23:36:39,552 [ERROR] LogOutputStream:75 - [STDERR_REDIRECT] 	at org.eclipse.equinox.internal.p2.repository.helpers.AbstractRepositoryManager.loadRepository(AbstractRepositoryManager.java:685)
2023-08-23 23:36:39,552 [ERROR] LogOutputStream:75 - [STDERR_REDIRECT] 	at org.eclipse.equinox.internal.p2.metadata.repository.MetadataRepositoryManager.loadRepository(MetadataRepositoryManager.java:110)
2023-08-23 23:36:39,552 [ERROR] LogOutputStream:75 - [STDERR_REDIRECT] 	at org.eclipse.equinox.internal.p2.metadata.repository.MetadataRepositoryManager.loadRepository(MetadataRepositoryManager.java:105)
2023-08-23 23:36:39,555 [ERROR] LogOutputStream:75 - [STDERR_REDIRECT] 	at org.eclipse.equinox.internal.p2.updatechecker.UpdateChecker.getAvailableRepositories(UpdateChecker.java:152)
2023-08-23 23:36:39,556 [ERROR] LogOutputStream:75 - [STDERR_REDIRECT] 	at org.eclipse.equinox.internal.p2.updatechecker.UpdateChecker.checkForUpdates(UpdateChecker.java:130)
2023-08-23 23:36:39,556 [ERROR] LogOutputStream:75 - [STDERR_REDIRECT] 	at org.eclipse.equinox.internal.p2.updatechecker.UpdateChecker$UpdateCheckThread.run(UpdateChecker.java:78)
2023-08-23 23:36:39,557 [INFO] LogOutputStream:77 - [STDOUT_REDIRECT] No repository found at https://sw-center.st.com/stm32cubeide/updatesite1.
2023-08-23 23:36:39,557 [INFO] LogOutputStream:77 - [STDOUT_REDIRECT] Exception in update check thread
2023-08-23 23:36:39,557 [ERROR] LogOutputStream:75 - [STDERR_REDIRECT] java.lang.IllegalStateException: bundle org.eclipse.equinox.p2.repositoryis not started
2023-08-23 23:36:39,557 [ERROR] LogOutputStream:75 - [STDERR_REDIRECT] 	at org.eclipse.equinox.internal.p2.repository.Activator.getContext(Activator.java:65)
2023-08-23 23:36:39,558 [ERROR] LogOutputStream:75 - [STDERR_REDIRECT] 	at org.eclipse.equinox.internal.p2.repository.helpers.AbstractRepositoryManager.getPreferences(AbstractRepositoryManager.java:506)
2023-08-23 23:36:39,558 [ERROR] LogOutputStream:75 - [STDERR_REDIRECT] 	at org.eclipse.equinox.internal.p2.repository.helpers.AbstractRepositoryManager.remember(AbstractRepositoryManager.java:896)
2023-08-23 23:36:39,558 [ERROR] LogOutputStream:75 - [STDERR_REDIRECT] 	at org.eclipse.equinox.internal.p2.repository.helpers.AbstractRepositoryManager.addRepository(AbstractRepositoryManager.java:171)
2023-08-23 23:36:39,559 [ERROR] LogOutputStream:75 - [STDERR_REDIRECT] 	at org.eclipse.equinox.internal.p2.repository.helpers.AbstractRepositoryManager.loadRepository(AbstractRepositoryManager.java:672)
2023-08-23 23:36:39,559 [ERROR] LogOutputStream:75 - [STDERR_REDIRECT] 	at org.eclipse.equinox.internal.p2.metadata.repository.MetadataRepositoryManager.loadRepository(MetadataRepositoryManager.java:110)
2023-08-23 23:36:39,559 [ERROR] LogOutputStream:75 - [STDERR_REDIRECT] 	at org.eclipse.equinox.internal.p2.metadata.repository.MetadataRepositoryManager.loadRepository(MetadataRepositoryManager.java:105)
2023-08-23 23:36:39,559 [ERROR] LogOutputStream:75 - [STDERR_REDIRECT] 	at org.eclipse.equinox.internal.p2.updatechecker.UpdateChecker.getAvailableRepositories(UpdateChecker.java:152)
2023-08-23 23:36:39,559 [ERROR] LogOutputStream:75 - [STDERR_REDIRECT] 	at org.eclipse.equinox.internal.p2.updatechecker.UpdateChecker.checkForUpdates(UpdateChecker.java:130)
2023-08-23 23:36:39,559 [ERROR] LogOutputStream:75 - [STDERR_REDIRECT] 	at org.eclipse.equinox.internal.p2.updatechecker.UpdateChecker$UpdateCheckThread.run(UpdateChecker.java:78)
2023-08-23 23:36:57,510 [INFO] Activator:176 - 


2023-08-23 23:36:57,513 [INFO] Activator:177 - !SESSION log4j initialized
2023-08-23 23:36:58,738 [ERROR] LogOutputStream:75 - [STDERR_REDIRECT] 
2023-08-23 23:36:59,400 [INFO] LogOutputStream:77 - [STDOUT_REDIRECT] 
2023-08-23 23:37:01,274 [INFO] LogOutputStream:77 - [STDOUT_REDIRECT] 
2023-08-23 23:37:03,661 [INFO] ApplicationProperties:184 - Using Application install path: /Applications/STM32CubeIDE.app/Contents/Eclipse/plugins/com.st.stm32cube.common.mx_6.9.1.202307191849
2023-08-23 23:37:03,681 [INFO] DbMcusXml:78 - Set database path to: /Applications/STM32CubeIDE.app/Contents/Eclipse/plugins/com.st.stm32cube.common.mx_6.9.1.202307191849//db//mcu/
2023-08-23 23:37:03,682 [INFO] ApiDb:274 - Set plugin database path to: /Applications/STM32CubeIDE.app/Contents/Eclipse/plugins/com.st.stm32cube.common.mx_6.9.1.202307191849//db//plugins/boardmanager/
2023-08-23 23:37:03,682 [WARN] ApiDb:259 - Overriding images path with different value:  => /Applications/STM32CubeIDE.app/Contents/Eclipse/plugins/com.st.stm32cube.common.mx_6.9.1.202307191849//db//plugins/mcufinder/images/
2023-08-23 23:37:03,703 [INFO] ApiDb:250 - Set database path to: /Users/Lancer/.stmcufinder/plugins/mcufinder//mcu/
2023-08-23 23:37:03,705 [INFO] DbMcusAds:125 - Set database path to: /Users/Lancer/.stmcufinder/plugins/mcufinder//mcu/
2023-08-23 23:37:03,706 [INFO] CrossReferenceDbSqlite:203 - Set database path to: /Users/Lancer/.stmcufinder/plugins/mcufinder//mcu/cs/
2023-08-23 23:37:03,865 [INFO] RulesReader:64 - Compatibility file has been processed (293 Rules)
2023-08-23 23:37:03,956 [INFO] DbMcusXml:78 - Set database path to: /Applications/STM32CubeIDE.app/Contents/Eclipse/plugins/com.st.stm32cube.common.mx_6.9.1.202307191849//db//mcu/
2023-08-23 23:37:03,956 [INFO] ApiDb:274 - Set plugin database path to: /Applications/STM32CubeIDE.app/Contents/Eclipse/plugins/com.st.stm32cube.common.mx_6.9.1.202307191849//db//plugins/boardmanager/
2023-08-23 23:37:03,957 [INFO] ApiDb:261 - Set plugin images path to: /Applications/STM32CubeIDE.app/Contents/Eclipse/plugins/com.st.stm32cube.common.mx_6.9.1.202307191849//db//plugins/mcufinder/images/
2023-08-23 23:37:03,958 [WARN] DbFile:41 - Overriding database path with different value: /Users/Lancer/.stmcufinder/plugins/mcufinder/ => /Users/Lancer/.stmcufinder/plugins/mcufinder
2023-08-23 23:37:03,958 [INFO] ApiDb:250 - Set database path to: /Users/Lancer/.stmcufinder/plugins/mcufinder//mcu/
2023-08-23 23:37:03,958 [WARN] DbFile:41 - Overriding database path with different value: /Users/Lancer/.stmcufinder/plugins/mcufinder/ => /Users/Lancer/.stmcufinder/plugins/mcufinder
2023-08-23 23:37:03,958 [INFO] DbMcusAds:125 - Set database path to: /Users/Lancer/.stmcufinder/plugins/mcufinder//mcu/
2023-08-23 23:37:03,958 [WARN] DbFile:41 - Overriding database path with different value: /Users/Lancer/.stmcufinder/plugins/mcufinder/ => /Users/Lancer/.stmcufinder/plugins/mcufinder
2023-08-23 23:37:03,958 [WARN] DbFile:41 - Overriding database path with different value: /Users/Lancer/.stmcufinder/plugins/mcufinder/ => /Users/Lancer/.stmcufinder/plugins/mcufinder
2023-08-23 23:37:03,959 [INFO] CrossReferenceDbSqlite:203 - Set database path to: /Users/Lancer/.stmcufinder/plugins/mcufinder//mcu/cs/
2023-08-23 23:37:04,053 [INFO] MainPanel:262 - HeapMemory: 268435456
2023-08-23 23:37:04,145 [INFO] DbMcusXml:78 - Set database path to: /Applications/STM32CubeIDE.app/Contents/Eclipse/plugins/com.st.stm32cube.common.mx_6.9.1.202307191849//db//mcu/
2023-08-23 23:37:04,145 [INFO] ApiDb:274 - Set plugin database path to: /Applications/STM32CubeIDE.app/Contents/Eclipse/plugins/com.st.stm32cube.common.mx_6.9.1.202307191849//db//plugins/boardmanager/
2023-08-23 23:37:04,146 [INFO] ApiDb:261 - Set plugin images path to: /Applications/STM32CubeIDE.app/Contents/Eclipse/plugins/com.st.stm32cube.common.mx_6.9.1.202307191849//db//plugins/mcufinder/images/
2023-08-23 23:37:04,146 [WARN] DbFile:41 - Overriding database path with different value: /Users/Lancer/.stmcufinder/plugins/mcufinder/ => /Users/Lancer/.stmcufinder/plugins/mcufinder
2023-08-23 23:37:04,146 [INFO] ApiDb:250 - Set database path to: /Users/Lancer/.stmcufinder/plugins/mcufinder//mcu/
2023-08-23 23:37:04,146 [WARN] DbFile:41 - Overriding database path with different value: /Users/Lancer/.stmcufinder/plugins/mcufinder/ => /Users/Lancer/.stmcufinder/plugins/mcufinder
2023-08-23 23:37:04,146 [INFO] DbMcusAds:125 - Set database path to: /Users/Lancer/.stmcufinder/plugins/mcufinder//mcu/
2023-08-23 23:37:04,146 [WARN] DbFile:41 - Overriding database path with different value: /Users/Lancer/.stmcufinder/plugins/mcufinder/ => /Users/Lancer/.stmcufinder/plugins/mcufinder
2023-08-23 23:37:04,146 [WARN] DbFile:41 - Overriding database path with different value: /Users/Lancer/.stmcufinder/plugins/mcufinder/ => /Users/Lancer/.stmcufinder/plugins/mcufinder
2023-08-23 23:37:04,147 [INFO] CrossReferenceDbSqlite:203 - Set database path to: /Users/Lancer/.stmcufinder/plugins/mcufinder//mcu/cs/
2023-08-23 23:37:04,174 [INFO] ApplicationProperties:184 - Using Application install path: /Applications/STM32CubeIDE.app/Contents/Eclipse/plugins/com.st.stm32cube.common.mx_6.9.1.202307191849
2023-08-23 23:37:04,175 [INFO] PluginManage:196 - Search for loadable plugins [exclusion list=, ]
2023-08-23 23:37:04,177 [INFO] PluginManage:310 - Check plugin analytics
2023-08-23 23:37:04,421 [INFO] AnalyticsPlugin:253 - Accepted Software Licenses: 
2023-08-23 23:37:04,424 [INFO] AnalyticsPlugin:255 - Accepted CMSIS Pack Licenses: 
2023-08-23 23:37:04,424 [INFO] AnalyticsPlugin:257 - Accepted Firmware Licenses: FW.F4.1.27.0
2023-08-23 23:37:04,429 [INFO] PluginManage:359 - Loaded plugin analytics (category:tool,tabindex:-1)
2023-08-23 23:37:04,433 [INFO] PluginManage:310 - Check plugin cadmodel
2023-08-23 23:37:04,740 [INFO] CADModel:105 - Init CAD model plugin
2023-08-23 23:37:04,741 [INFO] PluginManage:359 - Loaded plugin cadmodel (category:power,tabindex:5)
2023-08-23 23:37:04,763 [INFO] PluginManage:310 - Check plugin clock
2023-08-23 23:37:04,801 [INFO] PluginManage:359 - Loaded plugin clock (category:base,tabindex:2)
2023-08-23 23:37:04,802 [INFO] PluginManage:310 - Check plugin ddr
2023-08-23 23:37:04,807 [INFO] PluginManage:359 - Loaded plugin ddr (category:tool,tabindex:6)
2023-08-23 23:37:04,810 [INFO] PluginManage:310 - Check plugin filemanager
2023-08-23 23:37:05,244 [INFO] PluginManage:359 - Loaded plugin filemanager (category:base,tabindex:10)
2023-08-23 23:37:05,246 [INFO] PluginManage:310 - Check plugin ipmanager
2023-08-23 23:37:05,276 [INFO] PluginManage:359 - Loaded plugin ipmanager (category:base,tabindex:5)
2023-08-23 23:37:05,277 [INFO] PluginManage:310 - Check plugin lpbam
2023-08-23 23:37:05,294 [INFO] PluginManage:359 - Loaded plugin lpbam (category:base,tabindex:0)
2023-08-23 23:37:05,295 [INFO] PluginManage:310 - Check plugin memorymap
2023-08-23 23:37:05,310 [INFO] PluginManage:359 - Loaded plugin memorymap (category:base,tabindex:4)
2023-08-23 23:37:05,311 [INFO] PluginManage:310 - Check plugin pinoutandconfiguration
2023-08-23 23:37:05,319 [INFO] PluginManage:359 - Loaded plugin pinoutandconfiguration (category:base,tabindex:1)
2023-08-23 23:37:05,319 [INFO] PluginManage:310 - Check plugin pinoutconfig
2023-08-23 23:37:05,425 [WARN] SupportedApi:132 - Cannot load RTOS API schema: s4s-elt-must-match.1: The content of 'definitions' must match (annotation?, (simpleType | complexType)?, (unique | key | keyref)*)). A problem was found starting at: attribute.
2023-08-23 23:37:05,626 [INFO] PluginManage:359 - Loaded plugin pinoutconfig (category:base,tabindex:0)
2023-08-23 23:37:05,626 [INFO] PluginManage:310 - Check plugin power
2023-08-23 23:37:05,640 [INFO] PluginManage:359 - Loaded plugin power (category:power,tabindex:4)
2023-08-23 23:37:05,640 [INFO] PluginManage:310 - Check plugin projectmanager
2023-08-23 23:37:05,676 [INFO] PluginManage:359 - Loaded plugin projectmanager (category:projectmanager,tabindex:3)
2023-08-23 23:37:05,676 [INFO] PluginManage:310 - Check plugin thirdparty
2023-08-23 23:37:05,916 [INFO] PluginManage:359 - Loaded plugin thirdparty (category:base,tabindex:-1)
2023-08-23 23:37:05,918 [INFO] PluginManage:310 - Check plugin tools
2023-08-23 23:37:05,916 [WARN] IntegrityCheckThread:84 - waiting for thirdparty lock release [integrity check]
2023-08-23 23:37:05,919 [INFO] IntegrityCheckThread:86 - entering critical section [integrity check]
2023-08-23 23:37:05,922 [INFO] ThirdPartyUpdaterWithRetryManager:70 - Updater plugin not ready yet. [1/15]
2023-08-23 23:37:05,929 [INFO] PluginManage:359 - Loaded plugin tools (category:base,tabindex:7)
2023-08-23 23:37:05,930 [INFO] PluginManage:310 - Check plugin tutovideos
2023-08-23 23:37:06,213 [INFO] PluginManage:359 - Loaded plugin tutovideos (category:base,tabindex:-1)
2023-08-23 23:37:06,214 [INFO] PluginManage:310 - Check plugin updater
2023-08-23 23:37:06,243 [INFO] PluginManage:359 - Loaded plugin updater (category:base,tabindex:12)
2023-08-23 23:37:06,243 [INFO] PluginManage:310 - Check plugin userauth
2023-08-23 23:37:06,249 [INFO] UserAuth:113 - Init User Auth plugin
2023-08-23 23:37:06,249 [INFO] PluginManage:359 - Loaded plugin userauth (category:base,tabindex:14)
2023-08-23 23:37:06,254 [INFO] PluginManage:283 - PluginManage : Loaded plugins [17]
2023-08-23 23:37:06,585 [INFO] PinOutPanel:1499 - setPackage(No Configuration,No Configuration)
2023-08-23 23:37:06,728 [INFO] CADModel:165 - CPN selected for project level
2023-08-23 23:37:06,728 [INFO] CADModel:114 - Register for checkConnection events
2023-08-23 23:37:06,743 [INFO] IPUIPlugin:80 - create IPUIPlugin
2023-08-23 23:37:06,744 [INFO] PluginManager:220 - loadIPPluginJar : add mdma
2023-08-23 23:37:06,750 [INFO] IPUIPlugin:80 - create IPUIPlugin
2023-08-23 23:37:06,751 [INFO] PluginManager:220 - loadIPPluginJar : add freertos
2023-08-23 23:37:06,757 [INFO] IPUIPlugin:80 - create IPUIPlugin
2023-08-23 23:37:06,757 [INFO] PluginManager:220 - loadIPPluginJar : add gic
2023-08-23 23:37:06,765 [INFO] IPUIPlugin:80 - create IPUIPlugin
2023-08-23 23:37:06,765 [INFO] PluginManager:220 - loadIPPluginJar : add adc
2023-08-23 23:37:06,769 [INFO] IPUIPlugin:80 - create IPUIPlugin
2023-08-23 23:37:06,770 [INFO] PluginManager:220 - loadIPPluginJar : add gtzc
2023-08-23 23:37:06,771 [INFO] IPUIPlugin:80 - create IPUIPlugin
2023-08-23 23:37:06,771 [INFO] PluginManager:220 - loadIPPluginJar : add quadspi
2023-08-23 23:37:06,772 [INFO] IPUIPlugin:80 - create IPUIPlugin
2023-08-23 23:37:06,772 [INFO] PluginManager:220 - loadIPPluginJar : add aes
2023-08-23 23:37:06,774 [INFO] IPUIPlugin:80 - create IPUIPlugin
2023-08-23 23:37:06,774 [INFO] PluginManager:220 - loadIPPluginJar : add pdm2pcm
2023-08-23 23:37:06,776 [INFO] IPUIPlugin:80 - create IPUIPlugin
2023-08-23 23:37:06,776 [INFO] PluginManager:220 - loadIPPluginJar : add hash
2023-08-23 23:37:06,778 [INFO] IPUIPlugin:80 - create IPUIPlugin
2023-08-23 23:37:06,779 [INFO] PluginManager:220 - loadIPPluginJar : add tim
2023-08-23 23:37:06,779 [INFO] IPUIPlugin:80 - create IPUIPlugin
2023-08-23 23:37:06,779 [INFO] PluginManager:220 - loadIPPluginJar : add tsc
2023-08-23 23:37:06,780 [INFO] IPUIPlugin:80 - create IPUIPlugin
2023-08-23 23:37:06,780 [INFO] PluginManager:220 - loadIPPluginJar : add ts
2023-08-23 23:37:06,782 [INFO] IPUIPlugin:80 - create IPUIPlugin
2023-08-23 23:37:06,782 [INFO] PluginManager:220 - loadIPPluginJar : add can
2023-08-23 23:37:06,786 [INFO] IPUIPlugin:80 - create IPUIPlugin
2023-08-23 23:37:06,786 [INFO] PluginManager:220 - loadIPPluginJar : add dma3
2023-08-23 23:37:06,788 [INFO] IPUIPlugin:80 - create IPUIPlugin
2023-08-23 23:37:06,788 [INFO] PluginManager:220 - loadIPPluginJar : add dfsdm
2023-08-23 23:37:06,794 [INFO] IPUIPlugin:80 - create IPUIPlugin
2023-08-23 23:37:06,794 [INFO] PluginManager:220 - loadIPPluginJar : add spi
2023-08-23 23:37:06,797 [INFO] IPUIPlugin:80 - create IPUIPlugin
2023-08-23 23:37:06,797 [INFO] PluginManager:220 - loadIPPluginJar : add gfxmmu
2023-08-23 23:37:06,799 [INFO] IPUIPlugin:80 - create IPUIPlugin
2023-08-23 23:37:06,799 [INFO] PluginManager:220 - loadIPPluginJar : add genericplugin
2023-08-23 23:37:06,803 [INFO] IPUIPlugin:80 - create IPUIPlugin
2023-08-23 23:37:06,804 [INFO] PluginManager:220 - loadIPPluginJar : add cryp
2023-08-23 23:37:06,808 [INFO] IPUIPlugin:80 - create IPUIPlugin
2023-08-23 23:37:06,808 [INFO] PluginManager:220 - loadIPPluginJar : add gpio
2023-08-23 23:37:06,811 [INFO] IPUIPlugin:80 - create IPUIPlugin
2023-08-23 23:37:06,811 [INFO] PluginManager:220 - loadIPPluginJar : add comp
2023-08-23 23:37:06,813 [INFO] IPUIPlugin:80 - create IPUIPlugin
2023-08-23 23:37:06,814 [INFO] PluginManager:220 - loadIPPluginJar : add tracer_emb
2023-08-23 23:37:06,816 [INFO] IPUIPlugin:80 - create IPUIPlugin
2023-08-23 23:37:06,816 [INFO] PluginManager:220 - loadIPPluginJar : add openamp
2023-08-23 23:37:06,820 [INFO] IPUIPlugin:80 - create IPUIPlugin
2023-08-23 23:37:06,821 [INFO] PluginManager:220 - loadIPPluginJar : add stm32_wpan
2023-08-23 23:37:06,829 [INFO] IPUIPlugin:80 - create IPUIPlugin
2023-08-23 23:37:06,832 [INFO] PluginManager:220 - loadIPPluginJar : add plateformsettings
2023-08-23 23:37:06,839 [INFO] IPUIPlugin:80 - create IPUIPlugin
2023-08-23 23:37:06,839 [INFO] PluginManager:220 - loadIPPluginJar : add ipddr
2023-08-23 23:37:06,843 [INFO] IPUIPlugin:80 - create IPUIPlugin
2023-08-23 23:37:06,843 [INFO] PluginManager:220 - loadIPPluginJar : add usart
2023-08-23 23:37:06,845 [INFO] IPUIPlugin:80 - create IPUIPlugin
2023-08-23 23:37:06,845 [INFO] PluginManager:220 - loadIPPluginJar : add ltdc
2023-08-23 23:37:06,848 [INFO] IPUIPlugin:80 - create IPUIPlugin
2023-08-23 23:37:06,848 [INFO] PluginManager:220 - loadIPPluginJar : add nvic
2023-08-23 23:37:06,849 [INFO] IPUIPlugin:80 - create IPUIPlugin
2023-08-23 23:37:06,849 [INFO] PluginManager:220 - loadIPPluginJar : add fatfs
2023-08-23 23:37:06,856 [INFO] IPUIPlugin:80 - create IPUIPlugin
2023-08-23 23:37:06,857 [INFO] PluginManager:220 - loadIPPluginJar : add linkedlist
2023-08-23 23:37:06,863 [INFO] IPUIPlugin:80 - create IPUIPlugin
2023-08-23 23:37:06,863 [INFO] PluginManager:220 - loadIPPluginJar : add dma
2023-08-23 23:37:06,867 [INFO] IPUIPlugin:80 - create IPUIPlugin
2023-08-23 23:37:06,867 [INFO] PluginManager:220 - loadIPPluginJar : add fmc
2023-08-23 23:37:06,870 [INFO] IPUIPlugin:80 - create IPUIPlugin
2023-08-23 23:37:06,870 [INFO] PluginManager:220 - loadIPPluginJar : add i2s
2023-08-23 23:37:06,872 [INFO] IPUIPlugin:80 - create IPUIPlugin
2023-08-23 23:37:06,872 [INFO] PluginManager:220 - loadIPPluginJar : add ucpd
2023-08-23 23:37:06,873 [INFO] IPUIPlugin:80 - create IPUIPlugin
2023-08-23 23:37:06,874 [INFO] PluginManager:220 - loadIPPluginJar : add lorawan
2023-08-23 23:37:06,876 [INFO] IPUIPlugin:80 - create IPUIPlugin
2023-08-23 23:37:06,876 [INFO] PluginManager:220 - loadIPPluginJar : add opamp
2023-08-23 23:37:06,879 [INFO] IPUIPlugin:80 - create IPUIPlugin
2023-08-23 23:37:06,879 [INFO] PluginManager:220 - loadIPPluginJar : add i3c
2023-08-23 23:37:06,881 [INFO] IPUIPlugin:80 - create IPUIPlugin
2023-08-23 23:37:06,881 [INFO] PluginManager:220 - loadIPPluginJar : add touchsensing
2023-08-23 23:37:06,884 [INFO] IPUIPlugin:80 - create IPUIPlugin
2023-08-23 23:37:06,884 [INFO] PluginManager:220 - loadIPPluginJar : add i2c
2023-08-23 23:37:06,887 [INFO] IPUIPlugin:80 - create IPUIPlugin
2023-08-23 23:37:06,887 [INFO] PluginManager:220 - loadIPPluginJar : add resmgrutility
2023-08-23 23:37:06,889 [INFO] IPUIPlugin:80 - create IPUIPlugin
2023-08-23 23:37:06,889 [INFO] PluginManager:220 - loadIPPluginJar : add sai
2023-08-23 23:37:06,891 [INFO] IPUIPlugin:80 - create IPUIPlugin
2023-08-23 23:37:06,891 [INFO] PluginManager:220 - loadIPPluginJar : add usbx
2023-08-23 23:37:07,026 [INFO] CADModel:165 - CPN selected for project level
2023-08-23 23:37:07,027 [INFO] CADModel:114 - Register for checkConnection events
2023-08-23 23:37:07,027 [FATAL] Updater:308 - Updater called before beeing initialized
2023-08-23 23:37:07,027 [ERROR] CADModel:125 - Updater not yet initialized, retry later 
2023-08-23 23:37:07,285 [INFO] CADModel:165 - CPN selected for project level
2023-08-23 23:37:07,285 [INFO] CADModel:114 - Register for checkConnection events
2023-08-23 23:37:07,286 [FATAL] Updater:308 - Updater called before beeing initialized
2023-08-23 23:37:07,286 [ERROR] CADModel:125 - Updater not yet initialized, retry later 
2023-08-23 23:37:07,292 [FATAL] Updater:308 - Updater called before beeing initialized
2023-08-23 23:37:07,467 [FATAL] Updater:308 - Updater called before beeing initialized
2023-08-23 23:37:07,480 [INFO] DbMcusAds:53 - JSON generation date=Tue Mar 07 16:50:55 CST 2023 (1678179055114)
2023-08-23 23:37:07,480 [FATAL] Updater:308 - Updater called before beeing initialized
2023-08-23 23:37:07,539 [WARN] DetailPanel:346 - Failed to get advertising image, set to default
2023-08-23 23:37:07,623 [FATAL] Updater:308 - Updater called before beeing initialized
2023-08-23 23:37:07,625 [FATAL] Updater:308 - Updater called before beeing initialized
2023-08-23 23:37:07,626 [FATAL] Updater:308 - Updater called before beeing initialized
2023-08-23 23:37:07,626 [WARN] DetailPanel:346 - Failed to get advertising image, set to default
2023-08-23 23:37:07,629 [FATAL] Updater:308 - Updater called before beeing initialized
2023-08-23 23:37:07,713 [ERROR] Updater:1120 - MainUpdater not yet initialized. External WinMGr cannot be set.
2023-08-23 23:37:07,774 [INFO] Updater:1056 - Updater Version found : 6.9.1
2023-08-23 23:37:07,792 [INFO] ApplicationProperties:184 - Using Application install path: /Applications/STM32CubeIDE.app/Contents/Eclipse/plugins/com.st.stm32cube.common.mx_6.9.1.202307191849
2023-08-23 23:37:08,082 [INFO] MainUpdater:2868 - connection check result : 10
2023-08-23 23:37:08,084 [INFO] MainUpdater:285 - Updater Check For Update Now.
2023-08-23 23:37:08,084 [INFO] MicroXplorer:498 - Change Database Version : DB.6.0.91
2023-08-23 23:37:08,093 [INFO] McuFinderGlobals:63 - Set McuFinder mode to 2 (CubeIDE integrated)
2023-08-23 23:37:08,383 [INFO] CheckServerUpdateThread:120 - End of CheckServer Thread
2023-08-23 23:37:09,072 [WARN] PackLoader:240 - Cannot read IP mode file for STMicroelectronics.X-CUBE-SMBUS.2.1.0
2023-08-23 23:37:09,179 [WARN] PackLoader:240 - Cannot read IP mode file for STMicroelectronics.X-CUBE-AZRTOS-F7.1.1.0
2023-08-23 23:37:09,276 [WARN] PackLoader:240 - Cannot read IP mode file for STMicroelectronics.FP-SNS-MOTENV1.4.3.2
2023-08-23 23:37:09,310 [WARN] PackLoader:240 - Cannot read IP mode file for STMicroelectronics.FP-SNS-FLIGHT1.5.0.2
2023-08-23 23:37:09,349 [WARN] PackLoader:240 - Cannot read IP mode file for STMicroelectronics.X-CUBE-DISPLAY.3.0.0
2023-08-23 23:37:09,413 [WARN] PackLoader:240 - Cannot read IP mode file for STMicroelectronics.X-CUBE-BLE1.7.0.0
2023-08-23 23:37:09,454 [WARN] PackLoader:240 - Cannot read IP mode file for emotas.I-CUBE-CANOPEN.1.3.0
2023-08-23 23:37:09,471 [WARN] PackLoader:240 - Cannot read IP mode file for STMicroelectronics.X-CUBE-TOUCHGFX.4.22.0
2023-08-23 23:37:09,508 [INFO] LogOutputStream:77 - [STDOUT_REDIRECT] 1 : Invalid condition id : UX_CORESTACK_Condition cause : null
2023-08-23 23:37:09,513 [INFO] LogOutputStream:77 - [STDOUT_REDIRECT] 1 : Invalid condition id : UX_CORESTACK_Condition cause : null
2023-08-23 23:37:09,513 [INFO] LogOutputStream:77 - [STDOUT_REDIRECT] 1 : Invalid condition id : UX_CORESTACK_Condition cause : null
2023-08-23 23:37:09,513 [INFO] LogOutputStream:77 - [STDOUT_REDIRECT] 1 : Invalid condition id : UX_CORESTACK_Condition cause : null
2023-08-23 23:37:09,513 [INFO] LogOutputStream:77 - [STDOUT_REDIRECT] 1 : Invalid condition id : UX_CORESTACK_Condition cause : null
2023-08-23 23:37:09,531 [WARN] PackLoader:240 - Cannot read IP mode file for STMicroelectronics.X-CUBE-AZRTOS-WL.2.0.0
2023-08-23 23:37:09,627 [WARN] PackLoader:240 - Cannot read IP mode file for WES.I-CUBE-Cesium.1.3.0
2023-08-23 23:37:09,666 [WARN] PackLoader:240 - Cannot read IP mode file for STMicroelectronics.X-CUBE-BLE2.3.3.0
2023-08-23 23:37:09,687 [WARN] PackLoader:240 - Cannot read IP mode file for STMicroelectronics.X-CUBE-ALGOBUILD.1.3.0
2023-08-23 23:37:09,731 [WARN] PackLoader:240 - Cannot read IP mode file for STMicroelectronics.X-CUBE-AZRTOS-G0.1.1.0
2023-08-23 23:37:09,750 [WARN] PackLoader:240 - Cannot read IP mode file for STMicroelectronics.X-CUBE-NFC4.3.0.0
2023-08-23 23:37:09,779 [WARN] PackLoader:240 - Cannot read IP mode file for STMicroelectronics.FP-ATR-SIGFOX1.3.2.0
2023-08-23 23:37:09,905 [WARN] PackLoader:240 - Cannot read IP mode file for SEGGER.I-CUBE-embOS.1.3.1
2023-08-23 23:37:10,041 [WARN] PackLoader:240 - Cannot read IP mode file for STMicroelectronics.X-CUBE-GNSS1.6.0.0
2023-08-23 23:37:10,089 [WARN] PackLoader:240 - Cannot read IP mode file for STMicroelectronics.X-CUBE-AZRTOS-F4.1.1.0
2023-08-23 23:37:10,101 [WARN] PackLoader:240 - Cannot read IP mode file for wolfSSL.I-CUBE-wolfSSL.5.6.3
2023-08-23 23:37:10,204 [WARN] PackLoader:240 - Cannot read IP mode file for STMicroelectronics.X-CUBE-AZRTOS-L5.2.0.0
2023-08-23 23:37:10,373 [WARN] PackLoader:240 - Cannot read IP mode file for STMicroelectronics.X-CUBE-MEMS1.9.6.0
2023-08-23 23:37:10,569 [WARN] PackLoader:240 - Cannot read IP mode file for STMicroelectronics.X-CUBE-BLEMGR.2.0.0
2023-08-23 23:37:10,727 [WARN] ConditionMgr:438 - getConditionDescription Invalid condition id : UX DEVICE CLASS RTOS Condition cause : null
2023-08-23 23:37:10,729 [WARN] ConditionMgr:438 - getConditionDescription Invalid condition id : UX DEVICE CLASS RTOS Condition cause : null
2023-08-23 23:37:10,735 [WARN] PackLoader:240 - Cannot read IP mode file for STMicroelectronics.X-CUBE-AZRTOS-H7.3.1.0
2023-08-23 23:37:10,738 [WARN] ConditionMgr:1039 - genDependencies : Invalid condition id : UX DEVICE CLASS RTOS Condition cause : null
2023-08-23 23:37:10,739 [WARN] ConditionMgr:1039 - genDependencies : Invalid condition id : UX DEVICE CLASS RTOS Condition cause : null
2023-08-23 23:37:10,740 [WARN] ConditionMgr:1039 - genDependencies : Invalid condition id : UX DEVICE CLASS RTOS Condition cause : null
2023-08-23 23:37:10,741 [WARN] ConditionMgr:1039 - genDependencies : Invalid condition id : UX DEVICE CLASS RTOS Condition cause : null
2023-08-23 23:37:10,741 [WARN] ConditionMgr:1039 - genDependencies : Invalid condition id : UX DEVICE CLASS RTOS Condition cause : null
2023-08-23 23:37:10,755 [WARN] PackLoader:240 - Cannot read IP mode file for STMicroelectronics.X-CUBE-NFC7.1.0.1
2023-08-23 23:37:10,769 [WARN] PackLoader:240 - Cannot read IP mode file for STMicroelectronics.X-CUBE-EEPRMA1.4.1.0
2023-08-23 23:37:10,776 [WARN] PackLoader:240 - Cannot read IP mode file for STMicroelectronics.X-CUBE-AI.8.1.0
2023-08-23 23:37:10,802 [WARN] ConditionMgr:438 - getConditionDescription Invalid condition id : LAN8742 Phy interface Condition cause : null
2023-08-23 23:37:10,803 [WARN] PackLoader:240 - Cannot read IP mode file for STMicroelectronics.X-CUBE-AZRTOS-L4.2.0.0
2023-08-23 23:37:10,805 [WARN] ConditionMgr:1039 - genDependencies : Invalid condition id : LAN8742 Phy interface Condition cause : null
2023-08-23 23:37:10,805 [WARN] ConditionMgr:1039 - genDependencies : Invalid condition id : LAN8742 Phy interface Condition cause : null
2023-08-23 23:37:10,806 [WARN] ConditionMgr:1039 - genDependencies : Invalid condition id : LAN8742 Phy interface Condition cause : null
2023-08-23 23:37:10,826 [WARN] PackLoader:240 - Cannot read IP mode file for STMicroelectronics.X-CUBE-SFXS2LP1.4.0.0
2023-08-23 23:37:10,834 [WARN] PackLoader:240 - Cannot read IP mode file for STMicroelectronics.X-CUBE-ISPU.1.1.0
2023-08-23 23:37:10,852 [WARN] ConditionMgr:438 - getConditionDescription Invalid condition id : UX DEVICE CLASS RTOS Condition cause : null
2023-08-23 23:37:10,853 [WARN] ConditionMgr:438 - getConditionDescription Invalid condition id : UX DEVICE CLASS RTOS Condition cause : null
2023-08-23 23:37:10,856 [WARN] PackLoader:240 - Cannot read IP mode file for STMicroelectronics.X-CUBE-AZRTOS-WB.2.0.0
2023-08-23 23:37:10,858 [WARN] ConditionMgr:1039 - genDependencies : Invalid condition id : UX DEVICE CLASS RTOS Condition cause : null
2023-08-23 23:37:10,858 [WARN] ConditionMgr:1039 - genDependencies : Invalid condition id : UX DEVICE CLASS RTOS Condition cause : null
2023-08-23 23:37:10,858 [WARN] ConditionMgr:1039 - genDependencies : Invalid condition id : UX DEVICE CLASS RTOS Condition cause : null
2023-08-23 23:37:10,859 [WARN] ConditionMgr:1039 - genDependencies : Invalid condition id : UX DEVICE CLASS RTOS Condition cause : null
2023-08-23 23:37:10,860 [WARN] ConditionMgr:1039 - genDependencies : Invalid condition id : UX DEVICE CLASS RTOS Condition cause : null
2023-08-23 23:37:10,867 [WARN] PackLoader:240 - Cannot read IP mode file for STMicroelectronics.X-CUBE-FREERTOS.1.0.1
2023-08-23 23:37:10,885 [WARN] PackLoader:240 - Cannot read IP mode file for STMicroelectronics.X-CUBE-SUBG2.5.0.0
2023-08-23 23:37:10,906 [WARN] PackLoader:240 - Cannot read IP mode file for STMicroelectronics.X-CUBE-TOF1.3.3.1
2023-08-23 23:37:10,936 [WARN] PackLoader:240 - Cannot read IP mode file for STMicroelectronics.X-CUBE-AZRTOS-G4.2.0.0
2023-08-23 23:37:10,945 [WARN] PackLoader:240 - Cannot read IP mode file for portGmbH.I-Cube-SoM-uGOAL.1.1.0
2023-08-23 23:37:10,949 [WARN] PackLoader:240 - Cannot read IP mode file for STMicroelectronics.X-CUBE-ALS.1.0.1
2023-08-23 23:37:10,953 [WARN] PackLoader:240 - Cannot read IP mode file for STMicroelectronics.FP-ATR-ASTRA1.2.0.0
2023-08-23 23:37:10,956 [INFO] ThirdParty:978 - Integrity check success = true
2023-08-23 23:37:10,957 [INFO] IntegrityCheckThread:100 - exiting critical section [integrity check]
2023-08-23 23:37:10,957 [INFO] IntegrityCheckThread:103 - End integrity checks thread
2023-08-23 23:37:29,212 [ERROR] LogOutputStream:75 - [STDERR_REDIRECT] SLF4J: Failed to load class "org.slf4j.impl.StaticLoggerBinder".
2023-08-23 23:37:29,215 [ERROR] LogOutputStream:75 - [STDERR_REDIRECT] SLF4J: Defaulting to no-operation (NOP) logger implementation
2023-08-23 23:37:29,217 [ERROR] LogOutputStream:75 - [STDERR_REDIRECT] SLF4J: See http://www.slf4j.org/codes.html#StaticLoggerBinder for further details.
2023-08-23 23:38:22,588 [INFO] Activator:176 - 


2023-08-23 23:38:22,590 [INFO] Activator:177 - !SESSION log4j initialized
2023-08-23 23:38:24,479 [ERROR] LogOutputStream:75 - [STDERR_REDIRECT] 
2023-08-23 23:38:25,077 [INFO] LogOutputStream:77 - [STDOUT_REDIRECT] 
2023-08-23 23:38:26,800 [INFO] LogOutputStream:77 - [STDOUT_REDIRECT] 
2023-08-23 23:38:29,307 [INFO] ApplicationProperties:184 - Using Application install path: /Applications/STM32CubeIDE.app/Contents/Eclipse/plugins/com.st.stm32cube.common.mx_6.9.1.202307191849
2023-08-23 23:38:29,326 [INFO] DbMcusXml:78 - Set database path to: /Applications/STM32CubeIDE.app/Contents/Eclipse/plugins/com.st.stm32cube.common.mx_6.9.1.202307191849//db//mcu/
2023-08-23 23:38:29,326 [INFO] ApiDb:274 - Set plugin database path to: /Applications/STM32CubeIDE.app/Contents/Eclipse/plugins/com.st.stm32cube.common.mx_6.9.1.202307191849//db//plugins/boardmanager/
2023-08-23 23:38:29,328 [WARN] ApiDb:259 - Overriding images path with different value:  => /Applications/STM32CubeIDE.app/Contents/Eclipse/plugins/com.st.stm32cube.common.mx_6.9.1.202307191849//db//plugins/mcufinder/images/
2023-08-23 23:38:29,346 [INFO] ApiDb:250 - Set database path to: /Users/Lancer/.stmcufinder/plugins/mcufinder//mcu/
2023-08-23 23:38:29,348 [INFO] DbMcusAds:125 - Set database path to: /Users/Lancer/.stmcufinder/plugins/mcufinder//mcu/
2023-08-23 23:38:29,350 [INFO] CrossReferenceDbSqlite:203 - Set database path to: /Users/Lancer/.stmcufinder/plugins/mcufinder//mcu/cs/
2023-08-23 23:38:29,487 [INFO] RulesReader:64 - Compatibility file has been processed (293 Rules)
2023-08-23 23:38:29,565 [INFO] DbMcusXml:78 - Set database path to: /Applications/STM32CubeIDE.app/Contents/Eclipse/plugins/com.st.stm32cube.common.mx_6.9.1.202307191849//db//mcu/
2023-08-23 23:38:29,565 [INFO] ApiDb:274 - Set plugin database path to: /Applications/STM32CubeIDE.app/Contents/Eclipse/plugins/com.st.stm32cube.common.mx_6.9.1.202307191849//db//plugins/boardmanager/
2023-08-23 23:38:29,565 [INFO] ApiDb:261 - Set plugin images path to: /Applications/STM32CubeIDE.app/Contents/Eclipse/plugins/com.st.stm32cube.common.mx_6.9.1.202307191849//db//plugins/mcufinder/images/
2023-08-23 23:38:29,565 [WARN] DbFile:41 - Overriding database path with different value: /Users/Lancer/.stmcufinder/plugins/mcufinder/ => /Users/Lancer/.stmcufinder/plugins/mcufinder
2023-08-23 23:38:29,566 [INFO] ApiDb:250 - Set database path to: /Users/Lancer/.stmcufinder/plugins/mcufinder//mcu/
2023-08-23 23:38:29,566 [WARN] DbFile:41 - Overriding database path with different value: /Users/Lancer/.stmcufinder/plugins/mcufinder/ => /Users/Lancer/.stmcufinder/plugins/mcufinder
2023-08-23 23:38:29,566 [INFO] DbMcusAds:125 - Set database path to: /Users/Lancer/.stmcufinder/plugins/mcufinder//mcu/
2023-08-23 23:38:29,566 [WARN] DbFile:41 - Overriding database path with different value: /Users/Lancer/.stmcufinder/plugins/mcufinder/ => /Users/Lancer/.stmcufinder/plugins/mcufinder
2023-08-23 23:38:29,566 [WARN] DbFile:41 - Overriding database path with different value: /Users/Lancer/.stmcufinder/plugins/mcufinder/ => /Users/Lancer/.stmcufinder/plugins/mcufinder
2023-08-23 23:38:29,566 [INFO] CrossReferenceDbSqlite:203 - Set database path to: /Users/Lancer/.stmcufinder/plugins/mcufinder//mcu/cs/
2023-08-23 23:38:29,657 [INFO] MainPanel:262 - HeapMemory: 268435456
2023-08-23 23:38:29,788 [INFO] DbMcusXml:78 - Set database path to: /Applications/STM32CubeIDE.app/Contents/Eclipse/plugins/com.st.stm32cube.common.mx_6.9.1.202307191849//db//mcu/
2023-08-23 23:38:29,788 [INFO] ApiDb:274 - Set plugin database path to: /Applications/STM32CubeIDE.app/Contents/Eclipse/plugins/com.st.stm32cube.common.mx_6.9.1.202307191849//db//plugins/boardmanager/
2023-08-23 23:38:29,789 [INFO] ApiDb:261 - Set plugin images path to: /Applications/STM32CubeIDE.app/Contents/Eclipse/plugins/com.st.stm32cube.common.mx_6.9.1.202307191849//db//plugins/mcufinder/images/
2023-08-23 23:38:29,789 [WARN] DbFile:41 - Overriding database path with different value: /Users/Lancer/.stmcufinder/plugins/mcufinder/ => /Users/Lancer/.stmcufinder/plugins/mcufinder
2023-08-23 23:38:29,789 [INFO] ApiDb:250 - Set database path to: /Users/Lancer/.stmcufinder/plugins/mcufinder//mcu/
2023-08-23 23:38:29,789 [WARN] DbFile:41 - Overriding database path with different value: /Users/Lancer/.stmcufinder/plugins/mcufinder/ => /Users/Lancer/.stmcufinder/plugins/mcufinder
2023-08-23 23:38:29,790 [INFO] DbMcusAds:125 - Set database path to: /Users/Lancer/.stmcufinder/plugins/mcufinder//mcu/
2023-08-23 23:38:29,790 [WARN] DbFile:41 - Overriding database path with different value: /Users/Lancer/.stmcufinder/plugins/mcufinder/ => /Users/Lancer/.stmcufinder/plugins/mcufinder
2023-08-23 23:38:29,790 [WARN] DbFile:41 - Overriding database path with different value: /Users/Lancer/.stmcufinder/plugins/mcufinder/ => /Users/Lancer/.stmcufinder/plugins/mcufinder
2023-08-23 23:38:29,790 [INFO] CrossReferenceDbSqlite:203 - Set database path to: /Users/Lancer/.stmcufinder/plugins/mcufinder//mcu/cs/
2023-08-23 23:38:29,813 [INFO] ApplicationProperties:184 - Using Application install path: /Applications/STM32CubeIDE.app/Contents/Eclipse/plugins/com.st.stm32cube.common.mx_6.9.1.202307191849
2023-08-23 23:38:29,814 [INFO] PluginManage:196 - Search for loadable plugins [exclusion list=, ]
2023-08-23 23:38:29,816 [INFO] PluginManage:310 - Check plugin analytics
2023-08-23 23:38:30,135 [INFO] AnalyticsPlugin:253 - Accepted Software Licenses: 
2023-08-23 23:38:30,137 [INFO] AnalyticsPlugin:255 - Accepted CMSIS Pack Licenses: 
2023-08-23 23:38:30,138 [INFO] AnalyticsPlugin:257 - Accepted Firmware Licenses: FW.F4.1.27.0
2023-08-23 23:38:30,142 [INFO] PluginManage:359 - Loaded plugin analytics (category:tool,tabindex:-1)
2023-08-23 23:38:30,147 [INFO] PluginManage:310 - Check plugin cadmodel
2023-08-23 23:38:30,547 [INFO] CADModel:105 - Init CAD model plugin
2023-08-23 23:38:30,549 [INFO] PluginManage:359 - Loaded plugin cadmodel (category:power,tabindex:5)
2023-08-23 23:38:30,551 [INFO] PluginManage:310 - Check plugin clock
2023-08-23 23:38:30,670 [INFO] PluginManage:359 - Loaded plugin clock (category:base,tabindex:2)
2023-08-23 23:38:30,671 [INFO] PluginManage:310 - Check plugin ddr
2023-08-23 23:38:30,678 [INFO] PluginManage:359 - Loaded plugin ddr (category:tool,tabindex:6)
2023-08-23 23:38:30,679 [INFO] PluginManage:310 - Check plugin filemanager
2023-08-23 23:38:31,049 [INFO] PluginManage:359 - Loaded plugin filemanager (category:base,tabindex:10)
2023-08-23 23:38:31,049 [INFO] PluginManage:310 - Check plugin ipmanager
2023-08-23 23:38:31,059 [INFO] PluginManage:359 - Loaded plugin ipmanager (category:base,tabindex:5)
2023-08-23 23:38:31,059 [INFO] PluginManage:310 - Check plugin lpbam
2023-08-23 23:38:31,070 [INFO] PluginManage:359 - Loaded plugin lpbam (category:base,tabindex:0)
2023-08-23 23:38:31,070 [INFO] PluginManage:310 - Check plugin memorymap
2023-08-23 23:38:31,082 [INFO] PluginManage:359 - Loaded plugin memorymap (category:base,tabindex:4)
2023-08-23 23:38:31,082 [INFO] PluginManage:310 - Check plugin pinoutandconfiguration
2023-08-23 23:38:31,092 [INFO] PluginManage:359 - Loaded plugin pinoutandconfiguration (category:base,tabindex:1)
2023-08-23 23:38:31,092 [INFO] PluginManage:310 - Check plugin pinoutconfig
2023-08-23 23:38:31,188 [WARN] SupportedApi:132 - Cannot load RTOS API schema: s4s-elt-must-match.1: The content of 'definitions' must match (annotation?, (simpleType | complexType)?, (unique | key | keyref)*)). A problem was found starting at: attribute.
2023-08-23 23:38:31,369 [INFO] PluginManage:359 - Loaded plugin pinoutconfig (category:base,tabindex:0)
2023-08-23 23:38:31,369 [INFO] PluginManage:310 - Check plugin power
2023-08-23 23:38:31,380 [INFO] PluginManage:359 - Loaded plugin power (category:power,tabindex:4)
2023-08-23 23:38:31,380 [INFO] PluginManage:310 - Check plugin projectmanager
2023-08-23 23:38:31,413 [INFO] PluginManage:359 - Loaded plugin projectmanager (category:projectmanager,tabindex:3)
2023-08-23 23:38:31,413 [INFO] PluginManage:310 - Check plugin thirdparty
2023-08-23 23:38:31,733 [INFO] PluginManage:359 - Loaded plugin thirdparty (category:base,tabindex:-1)
2023-08-23 23:38:31,734 [INFO] PluginManage:310 - Check plugin tools
2023-08-23 23:38:31,733 [WARN] IntegrityCheckThread:84 - waiting for thirdparty lock release [integrity check]
2023-08-23 23:38:31,736 [INFO] IntegrityCheckThread:86 - entering critical section [integrity check]
2023-08-23 23:38:31,741 [INFO] ThirdPartyUpdaterWithRetryManager:70 - Updater plugin not ready yet. [1/15]
2023-08-23 23:38:31,741 [INFO] PluginManage:359 - Loaded plugin tools (category:base,tabindex:7)
2023-08-23 23:38:31,742 [INFO] PluginManage:310 - Check plugin tutovideos
2023-08-23 23:38:32,162 [INFO] PluginManage:359 - Loaded plugin tutovideos (category:base,tabindex:-1)
2023-08-23 23:38:32,164 [INFO] PluginManage:310 - Check plugin updater
2023-08-23 23:38:32,191 [INFO] PluginManage:359 - Loaded plugin updater (category:base,tabindex:12)
2023-08-23 23:38:32,192 [INFO] PluginManage:310 - Check plugin userauth
2023-08-23 23:38:32,200 [INFO] UserAuth:113 - Init User Auth plugin
2023-08-23 23:38:32,200 [INFO] PluginManage:359 - Loaded plugin userauth (category:base,tabindex:14)
2023-08-23 23:38:32,203 [INFO] PluginManage:283 - PluginManage : Loaded plugins [17]
2023-08-23 23:38:32,495 [INFO] PinOutPanel:1499 - setPackage(No Configuration,No Configuration)
2023-08-23 23:38:32,619 [INFO] CADModel:165 - CPN selected for project level
2023-08-23 23:38:32,619 [INFO] CADModel:114 - Register for checkConnection events
2023-08-23 23:38:32,632 [INFO] IPUIPlugin:80 - create IPUIPlugin
2023-08-23 23:38:32,633 [INFO] PluginManager:220 - loadIPPluginJar : add mdma
2023-08-23 23:38:32,639 [INFO] IPUIPlugin:80 - create IPUIPlugin
2023-08-23 23:38:32,639 [INFO] PluginManager:220 - loadIPPluginJar : add freertos
2023-08-23 23:38:32,643 [INFO] IPUIPlugin:80 - create IPUIPlugin
2023-08-23 23:38:32,643 [INFO] PluginManager:220 - loadIPPluginJar : add gic
2023-08-23 23:38:32,650 [INFO] IPUIPlugin:80 - create IPUIPlugin
2023-08-23 23:38:32,650 [INFO] PluginManager:220 - loadIPPluginJar : add adc
2023-08-23 23:38:32,652 [INFO] IPUIPlugin:80 - create IPUIPlugin
2023-08-23 23:38:32,653 [INFO] PluginManager:220 - loadIPPluginJar : add gtzc
2023-08-23 23:38:32,654 [INFO] IPUIPlugin:80 - create IPUIPlugin
2023-08-23 23:38:32,654 [INFO] PluginManager:220 - loadIPPluginJar : add quadspi
2023-08-23 23:38:32,656 [INFO] IPUIPlugin:80 - create IPUIPlugin
2023-08-23 23:38:32,656 [INFO] PluginManager:220 - loadIPPluginJar : add aes
2023-08-23 23:38:32,658 [INFO] IPUIPlugin:80 - create IPUIPlugin
2023-08-23 23:38:32,658 [INFO] PluginManager:220 - loadIPPluginJar : add pdm2pcm
2023-08-23 23:38:32,659 [INFO] IPUIPlugin:80 - create IPUIPlugin
2023-08-23 23:38:32,660 [INFO] PluginManager:220 - loadIPPluginJar : add hash
2023-08-23 23:38:32,662 [INFO] IPUIPlugin:80 - create IPUIPlugin
2023-08-23 23:38:32,662 [INFO] PluginManager:220 - loadIPPluginJar : add tim
2023-08-23 23:38:32,663 [INFO] IPUIPlugin:80 - create IPUIPlugin
2023-08-23 23:38:32,663 [INFO] PluginManager:220 - loadIPPluginJar : add tsc
2023-08-23 23:38:32,664 [INFO] IPUIPlugin:80 - create IPUIPlugin
2023-08-23 23:38:32,664 [INFO] PluginManager:220 - loadIPPluginJar : add ts
2023-08-23 23:38:32,665 [INFO] IPUIPlugin:80 - create IPUIPlugin
2023-08-23 23:38:32,666 [INFO] PluginManager:220 - loadIPPluginJar : add can
2023-08-23 23:38:32,667 [INFO] IPUIPlugin:80 - create IPUIPlugin
2023-08-23 23:38:32,668 [INFO] PluginManager:220 - loadIPPluginJar : add dma3
2023-08-23 23:38:32,670 [INFO] IPUIPlugin:80 - create IPUIPlugin
2023-08-23 23:38:32,671 [INFO] PluginManager:220 - loadIPPluginJar : add dfsdm
2023-08-23 23:38:32,672 [INFO] IPUIPlugin:80 - create IPUIPlugin
2023-08-23 23:38:32,672 [INFO] PluginManager:220 - loadIPPluginJar : add spi
2023-08-23 23:38:32,673 [INFO] IPUIPlugin:80 - create IPUIPlugin
2023-08-23 23:38:32,673 [INFO] PluginManager:220 - loadIPPluginJar : add gfxmmu
2023-08-23 23:38:32,674 [INFO] IPUIPlugin:80 - create IPUIPlugin
2023-08-23 23:38:32,674 [INFO] PluginManager:220 - loadIPPluginJar : add genericplugin
2023-08-23 23:38:32,676 [INFO] IPUIPlugin:80 - create IPUIPlugin
2023-08-23 23:38:32,676 [INFO] PluginManager:220 - loadIPPluginJar : add cryp
2023-08-23 23:38:32,680 [INFO] IPUIPlugin:80 - create IPUIPlugin
2023-08-23 23:38:32,680 [INFO] PluginManager:220 - loadIPPluginJar : add gpio
2023-08-23 23:38:32,681 [INFO] IPUIPlugin:80 - create IPUIPlugin
2023-08-23 23:38:32,681 [INFO] PluginManager:220 - loadIPPluginJar : add comp
2023-08-23 23:38:32,683 [INFO] IPUIPlugin:80 - create IPUIPlugin
2023-08-23 23:38:32,683 [INFO] PluginManager:220 - loadIPPluginJar : add tracer_emb
2023-08-23 23:38:32,688 [INFO] IPUIPlugin:80 - create IPUIPlugin
2023-08-23 23:38:32,689 [INFO] PluginManager:220 - loadIPPluginJar : add openamp
2023-08-23 23:38:32,693 [INFO] IPUIPlugin:80 - create IPUIPlugin
2023-08-23 23:38:32,693 [INFO] PluginManager:220 - loadIPPluginJar : add stm32_wpan
2023-08-23 23:38:32,700 [INFO] IPUIPlugin:80 - create IPUIPlugin
2023-08-23 23:38:32,707 [INFO] PluginManager:220 - loadIPPluginJar : add plateformsettings
2023-08-23 23:38:32,711 [INFO] IPUIPlugin:80 - create IPUIPlugin
2023-08-23 23:38:32,711 [INFO] PluginManager:220 - loadIPPluginJar : add ipddr
2023-08-23 23:38:32,713 [INFO] IPUIPlugin:80 - create IPUIPlugin
2023-08-23 23:38:32,713 [INFO] PluginManager:220 - loadIPPluginJar : add usart
2023-08-23 23:38:32,714 [INFO] IPUIPlugin:80 - create IPUIPlugin
2023-08-23 23:38:32,714 [INFO] PluginManager:220 - loadIPPluginJar : add ltdc
2023-08-23 23:38:32,717 [INFO] IPUIPlugin:80 - create IPUIPlugin
2023-08-23 23:38:32,718 [INFO] PluginManager:220 - loadIPPluginJar : add nvic
2023-08-23 23:38:32,719 [INFO] IPUIPlugin:80 - create IPUIPlugin
2023-08-23 23:38:32,719 [INFO] PluginManager:220 - loadIPPluginJar : add fatfs
2023-08-23 23:38:32,724 [INFO] IPUIPlugin:80 - create IPUIPlugin
2023-08-23 23:38:32,724 [INFO] PluginManager:220 - loadIPPluginJar : add linkedlist
2023-08-23 23:38:32,728 [INFO] IPUIPlugin:80 - create IPUIPlugin
2023-08-23 23:38:32,728 [INFO] PluginManager:220 - loadIPPluginJar : add dma
2023-08-23 23:38:32,731 [INFO] IPUIPlugin:80 - create IPUIPlugin
2023-08-23 23:38:32,731 [INFO] PluginManager:220 - loadIPPluginJar : add fmc
2023-08-23 23:38:32,732 [INFO] IPUIPlugin:80 - create IPUIPlugin
2023-08-23 23:38:32,732 [INFO] PluginManager:220 - loadIPPluginJar : add i2s
2023-08-23 23:38:32,733 [INFO] IPUIPlugin:80 - create IPUIPlugin
2023-08-23 23:38:32,734 [INFO] PluginManager:220 - loadIPPluginJar : add ucpd
2023-08-23 23:38:32,737 [INFO] IPUIPlugin:80 - create IPUIPlugin
2023-08-23 23:38:32,737 [INFO] PluginManager:220 - loadIPPluginJar : add lorawan
2023-08-23 23:38:32,739 [INFO] IPUIPlugin:80 - create IPUIPlugin
2023-08-23 23:38:32,739 [INFO] PluginManager:220 - loadIPPluginJar : add opamp
2023-08-23 23:38:32,741 [INFO] IPUIPlugin:80 - create IPUIPlugin
2023-08-23 23:38:32,741 [INFO] PluginManager:220 - loadIPPluginJar : add i3c
2023-08-23 23:38:32,743 [INFO] IPUIPlugin:80 - create IPUIPlugin
2023-08-23 23:38:32,743 [INFO] PluginManager:220 - loadIPPluginJar : add touchsensing
2023-08-23 23:38:32,744 [INFO] IPUIPlugin:80 - create IPUIPlugin
2023-08-23 23:38:32,745 [INFO] PluginManager:220 - loadIPPluginJar : add i2c
2023-08-23 23:38:32,747 [INFO] IPUIPlugin:80 - create IPUIPlugin
2023-08-23 23:38:32,747 [INFO] PluginManager:220 - loadIPPluginJar : add resmgrutility
2023-08-23 23:38:32,749 [INFO] IPUIPlugin:80 - create IPUIPlugin
2023-08-23 23:38:32,749 [INFO] PluginManager:220 - loadIPPluginJar : add sai
2023-08-23 23:38:32,751 [INFO] IPUIPlugin:80 - create IPUIPlugin
2023-08-23 23:38:32,751 [INFO] PluginManager:220 - loadIPPluginJar : add usbx
2023-08-23 23:38:32,886 [INFO] CADModel:165 - CPN selected for project level
2023-08-23 23:38:32,886 [INFO] CADModel:114 - Register for checkConnection events
2023-08-23 23:38:32,887 [FATAL] Updater:308 - Updater called before beeing initialized
2023-08-23 23:38:32,887 [ERROR] CADModel:125 - Updater not yet initialized, retry later 
2023-08-23 23:38:33,149 [INFO] CADModel:165 - CPN selected for project level
2023-08-23 23:38:33,150 [INFO] CADModel:114 - Register for checkConnection events
2023-08-23 23:38:33,151 [FATAL] Updater:308 - Updater called before beeing initialized
2023-08-23 23:38:33,151 [ERROR] CADModel:125 - Updater not yet initialized, retry later 
2023-08-23 23:38:33,161 [FATAL] Updater:308 - Updater called before beeing initialized
2023-08-23 23:38:33,438 [FATAL] Updater:308 - Updater called before beeing initialized
2023-08-23 23:38:33,455 [INFO] DbMcusAds:53 - JSON generation date=Tue Mar 07 16:50:55 CST 2023 (1678179055114)
2023-08-23 23:38:33,456 [FATAL] Updater:308 - Updater called before beeing initialized
2023-08-23 23:38:33,514 [WARN] DetailPanel:346 - Failed to get advertising image, set to default
2023-08-23 23:38:33,599 [FATAL] Updater:308 - Updater called before beeing initialized
2023-08-23 23:38:33,604 [FATAL] Updater:308 - Updater called before beeing initialized
2023-08-23 23:38:33,604 [FATAL] Updater:308 - Updater called before beeing initialized
2023-08-23 23:38:33,604 [WARN] DetailPanel:346 - Failed to get advertising image, set to default
2023-08-23 23:38:33,607 [FATAL] Updater:308 - Updater called before beeing initialized
2023-08-23 23:38:33,700 [ERROR] Updater:1120 - MainUpdater not yet initialized. External WinMGr cannot be set.
2023-08-23 23:38:33,756 [INFO] Updater:1056 - Updater Version found : 6.9.1
2023-08-23 23:38:33,771 [INFO] ApplicationProperties:184 - Using Application install path: /Applications/STM32CubeIDE.app/Contents/Eclipse/plugins/com.st.stm32cube.common.mx_6.9.1.202307191849
2023-08-23 23:38:34,040 [INFO] MainUpdater:2868 - connection check result : 10
2023-08-23 23:38:34,041 [INFO] MainUpdater:285 - Updater Check For Update Now.
2023-08-23 23:38:34,042 [INFO] MicroXplorer:498 - Change Database Version : DB.6.0.91
2023-08-23 23:38:34,051 [INFO] McuFinderGlobals:63 - Set McuFinder mode to 2 (CubeIDE integrated)
2023-08-23 23:38:34,333 [INFO] CheckServerUpdateThread:120 - End of CheckServer Thread
2023-08-23 23:38:34,915 [WARN] PackLoader:240 - Cannot read IP mode file for STMicroelectronics.X-CUBE-SMBUS.2.1.0
2023-08-23 23:38:34,981 [WARN] PackLoader:240 - Cannot read IP mode file for STMicroelectronics.X-CUBE-AZRTOS-F7.1.1.0
2023-08-23 23:38:35,021 [WARN] PackLoader:240 - Cannot read IP mode file for STMicroelectronics.FP-SNS-MOTENV1.4.3.2
2023-08-23 23:38:35,051 [WARN] PackLoader:240 - Cannot read IP mode file for STMicroelectronics.FP-SNS-FLIGHT1.5.0.2
2023-08-23 23:38:35,074 [WARN] PackLoader:240 - Cannot read IP mode file for STMicroelectronics.X-CUBE-DISPLAY.3.0.0
2023-08-23 23:38:35,117 [WARN] PackLoader:240 - Cannot read IP mode file for STMicroelectronics.X-CUBE-BLE1.7.0.0
2023-08-23 23:38:35,133 [WARN] PackLoader:240 - Cannot read IP mode file for emotas.I-CUBE-CANOPEN.1.3.0
2023-08-23 23:38:35,146 [WARN] PackLoader:240 - Cannot read IP mode file for STMicroelectronics.X-CUBE-TOUCHGFX.4.22.0
2023-08-23 23:38:35,168 [INFO] LogOutputStream:77 - [STDOUT_REDIRECT] 1 : Invalid condition id : UX_CORESTACK_Condition cause : null
2023-08-23 23:38:35,169 [INFO] LogOutputStream:77 - [STDOUT_REDIRECT] 1 : Invalid condition id : UX_CORESTACK_Condition cause : null
2023-08-23 23:38:35,169 [INFO] LogOutputStream:77 - [STDOUT_REDIRECT] 1 : Invalid condition id : UX_CORESTACK_Condition cause : null
2023-08-23 23:38:35,169 [INFO] LogOutputStream:77 - [STDOUT_REDIRECT] 1 : Invalid condition id : UX_CORESTACK_Condition cause : null
2023-08-23 23:38:35,169 [INFO] LogOutputStream:77 - [STDOUT_REDIRECT] 1 : Invalid condition id : UX_CORESTACK_Condition cause : null
2023-08-23 23:38:35,181 [WARN] PackLoader:240 - Cannot read IP mode file for STMicroelectronics.X-CUBE-AZRTOS-WL.2.0.0
2023-08-23 23:38:35,205 [WARN] PackLoader:240 - Cannot read IP mode file for WES.I-CUBE-Cesium.1.3.0
2023-08-23 23:38:35,222 [WARN] PackLoader:240 - Cannot read IP mode file for STMicroelectronics.X-CUBE-BLE2.3.3.0
2023-08-23 23:38:35,249 [WARN] PackLoader:240 - Cannot read IP mode file for STMicroelectronics.X-CUBE-ALGOBUILD.1.3.0
2023-08-23 23:38:35,285 [WARN] PackLoader:240 - Cannot read IP mode file for STMicroelectronics.X-CUBE-AZRTOS-G0.1.1.0
2023-08-23 23:38:35,299 [WARN] PackLoader:240 - Cannot read IP mode file for STMicroelectronics.X-CUBE-NFC4.3.0.0
2023-08-23 23:38:35,322 [WARN] PackLoader:240 - Cannot read IP mode file for STMicroelectronics.FP-ATR-SIGFOX1.3.2.0
2023-08-23 23:38:35,432 [WARN] PackLoader:240 - Cannot read IP mode file for SEGGER.I-CUBE-embOS.1.3.1
2023-08-23 23:38:35,540 [WARN] PackLoader:240 - Cannot read IP mode file for STMicroelectronics.X-CUBE-GNSS1.6.0.0
2023-08-23 23:38:35,579 [WARN] PackLoader:240 - Cannot read IP mode file for STMicroelectronics.X-CUBE-AZRTOS-F4.1.1.0
2023-08-23 23:38:35,593 [WARN] PackLoader:240 - Cannot read IP mode file for wolfSSL.I-CUBE-wolfSSL.5.6.3
2023-08-23 23:38:35,637 [WARN] PackLoader:240 - Cannot read IP mode file for STMicroelectronics.X-CUBE-AZRTOS-L5.2.0.0
2023-08-23 23:38:35,847 [WARN] PackLoader:240 - Cannot read IP mode file for STMicroelectronics.X-CUBE-MEMS1.9.6.0
2023-08-23 23:38:36,100 [WARN] PackLoader:240 - Cannot read IP mode file for STMicroelectronics.X-CUBE-BLEMGR.2.0.0
2023-08-23 23:38:36,214 [WARN] ConditionMgr:438 - getConditionDescription Invalid condition id : UX DEVICE CLASS RTOS Condition cause : null
2023-08-23 23:38:36,215 [WARN] ConditionMgr:438 - getConditionDescription Invalid condition id : UX DEVICE CLASS RTOS Condition cause : null
2023-08-23 23:38:36,224 [WARN] PackLoader:240 - Cannot read IP mode file for STMicroelectronics.X-CUBE-AZRTOS-H7.3.1.0
2023-08-23 23:38:36,229 [WARN] ConditionMgr:1039 - genDependencies : Invalid condition id : UX DEVICE CLASS RTOS Condition cause : null
2023-08-23 23:38:36,229 [WARN] ConditionMgr:1039 - genDependencies : Invalid condition id : UX DEVICE CLASS RTOS Condition cause : null
2023-08-23 23:38:36,230 [WARN] ConditionMgr:1039 - genDependencies : Invalid condition id : UX DEVICE CLASS RTOS Condition cause : null
2023-08-23 23:38:36,231 [WARN] ConditionMgr:1039 - genDependencies : Invalid condition id : UX DEVICE CLASS RTOS Condition cause : null
2023-08-23 23:38:36,231 [WARN] ConditionMgr:1039 - genDependencies : Invalid condition id : UX DEVICE CLASS RTOS Condition cause : null
2023-08-23 23:38:36,264 [WARN] PackLoader:240 - Cannot read IP mode file for STMicroelectronics.X-CUBE-NFC7.1.0.1
2023-08-23 23:38:36,274 [WARN] PackLoader:240 - Cannot read IP mode file for STMicroelectronics.X-CUBE-EEPRMA1.4.1.0
2023-08-23 23:38:36,283 [WARN] PackLoader:240 - Cannot read IP mode file for STMicroelectronics.X-CUBE-AI.8.1.0
2023-08-23 23:38:36,316 [WARN] ConditionMgr:438 - getConditionDescription Invalid condition id : LAN8742 Phy interface Condition cause : null
2023-08-23 23:38:36,317 [WARN] PackLoader:240 - Cannot read IP mode file for STMicroelectronics.X-CUBE-AZRTOS-L4.2.0.0
2023-08-23 23:38:36,330 [WARN] ConditionMgr:1039 - genDependencies : Invalid condition id : LAN8742 Phy interface Condition cause : null
2023-08-23 23:38:36,330 [WARN] ConditionMgr:1039 - genDependencies : Invalid condition id : LAN8742 Phy interface Condition cause : null
2023-08-23 23:38:36,331 [WARN] ConditionMgr:1039 - genDependencies : Invalid condition id : LAN8742 Phy interface Condition cause : null
2023-08-23 23:38:36,365 [WARN] PackLoader:240 - Cannot read IP mode file for STMicroelectronics.X-CUBE-SFXS2LP1.4.0.0
2023-08-23 23:38:36,376 [WARN] PackLoader:240 - Cannot read IP mode file for STMicroelectronics.X-CUBE-ISPU.1.1.0
2023-08-23 23:38:36,393 [WARN] ConditionMgr:438 - getConditionDescription Invalid condition id : UX DEVICE CLASS RTOS Condition cause : null
2023-08-23 23:38:36,394 [WARN] ConditionMgr:438 - getConditionDescription Invalid condition id : UX DEVICE CLASS RTOS Condition cause : null
2023-08-23 23:38:36,401 [WARN] PackLoader:240 - Cannot read IP mode file for STMicroelectronics.X-CUBE-AZRTOS-WB.2.0.0
2023-08-23 23:38:36,402 [WARN] ConditionMgr:1039 - genDependencies : Invalid condition id : UX DEVICE CLASS RTOS Condition cause : null
2023-08-23 23:38:36,402 [WARN] ConditionMgr:1039 - genDependencies : Invalid condition id : UX DEVICE CLASS RTOS Condition cause : null
2023-08-23 23:38:36,404 [WARN] ConditionMgr:1039 - genDependencies : Invalid condition id : UX DEVICE CLASS RTOS Condition cause : null
2023-08-23 23:38:36,404 [WARN] ConditionMgr:1039 - genDependencies : Invalid condition id : UX DEVICE CLASS RTOS Condition cause : null
2023-08-23 23:38:36,404 [WARN] ConditionMgr:1039 - genDependencies : Invalid condition id : UX DEVICE CLASS RTOS Condition cause : null
2023-08-23 23:38:36,419 [WARN] PackLoader:240 - Cannot read IP mode file for STMicroelectronics.X-CUBE-FREERTOS.1.0.1
2023-08-23 23:38:36,440 [WARN] PackLoader:240 - Cannot read IP mode file for STMicroelectronics.X-CUBE-SUBG2.5.0.0
2023-08-23 23:38:36,470 [WARN] PackLoader:240 - Cannot read IP mode file for STMicroelectronics.X-CUBE-TOF1.3.3.1
2023-08-23 23:38:36,500 [WARN] PackLoader:240 - Cannot read IP mode file for STMicroelectronics.X-CUBE-AZRTOS-G4.2.0.0
2023-08-23 23:38:36,512 [WARN] PackLoader:240 - Cannot read IP mode file for portGmbH.I-Cube-SoM-uGOAL.1.1.0
2023-08-23 23:38:36,516 [WARN] PackLoader:240 - Cannot read IP mode file for STMicroelectronics.X-CUBE-ALS.1.0.1
2023-08-23 23:38:36,519 [WARN] PackLoader:240 - Cannot read IP mode file for STMicroelectronics.FP-ATR-ASTRA1.2.0.0
2023-08-23 23:38:36,523 [INFO] ThirdParty:978 - Integrity check success = true
2023-08-23 23:38:36,523 [INFO] IntegrityCheckThread:100 - exiting critical section [integrity check]
2023-08-23 23:38:36,523 [INFO] IntegrityCheckThread:103 - End integrity checks thread
2023-08-23 23:38:55,124 [ERROR] LogOutputStream:75 - [STDERR_REDIRECT] SLF4J: Failed to load class "org.slf4j.impl.StaticLoggerBinder".
2023-08-23 23:38:55,126 [ERROR] LogOutputStream:75 - [STDERR_REDIRECT] SLF4J: Defaulting to no-operation (NOP) logger implementation
2023-08-23 23:38:55,126 [ERROR] LogOutputStream:75 - [STDERR_REDIRECT] SLF4J: See http://www.slf4j.org/codes.html#StaticLoggerBinder for further details.
